{"/home/travis/build/npmtest/node-npmtest-nightmare/test.js":{"path":"/home/travis/build/npmtest/node-npmtest-nightmare/test.js","s":{"1":2,"2":2,"3":2,"4":2,"5":2,"6":2,"7":2,"8":1,"9":2,"10":2,"11":1,"12":1,"13":1,"14":1,"15":2,"16":2,"17":2,"18":2,"19":1,"20":1,"21":2,"22":2,"23":2,"24":1,"25":1,"26":1,"27":1,"28":1,"29":1,"30":1,"31":1,"32":1,"33":1,"34":1,"35":1,"36":2,"37":2,"38":1,"39":2,"40":2,"41":1,"42":2,"43":2,"44":1,"45":1,"46":1,"47":1,"48":1},"b":{"1":[2,1,1,1],"2":[1,1,1,1],"3":[1,1],"4":[1,1],"5":[1,1],"6":[1,1],"7":[1,1],"8":[1,1],"9":[1,1,1],"10":[1,1],"11":[1,1],"12":[1,1],"13":[1,1],"14":[1,1],"15":[1,1]},"f":{"1":2,"2":2,"3":2,"4":2,"5":2,"6":1,"7":1,"8":2,"9":2,"10":2,"11":1},"fnMap":{"1":{"name":"(anonymous_1)","line":12,"loc":{"start":{"line":12,"column":1},"end":{"line":12,"column":13}}},"2":{"name":"(anonymous_2)","line":19,"loc":{"start":{"line":19,"column":5},"end":{"line":19,"column":17}}},"3":{"name":"(anonymous_3)","line":23,"loc":{"start":{"line":23,"column":24},"end":{"line":23,"column":36}}},"4":{"name":"(anonymous_4)","line":61,"loc":{"start":{"line":61,"column":5},"end":{"line":61,"column":17}}},"5":{"name":"(anonymous_5)","line":82,"loc":{"start":{"line":82,"column":5},"end":{"line":82,"column":17}}},"6":{"name":"(anonymous_6)","line":102,"loc":{"start":{"line":102,"column":83},"end":{"line":105,"column":10}},"skip":true},"7":{"name":"(anonymous_7)","line":113,"loc":{"start":{"line":113,"column":77},"end":{"line":116,"column":10}},"skip":true},"8":{"name":"(anonymous_8)","line":127,"loc":{"start":{"line":127,"column":77},"end":{"line":130,"column":10}},"skip":true},"9":{"name":"(anonymous_9)","line":138,"loc":{"start":{"line":138,"column":83},"end":{"line":141,"column":10}},"skip":true},"10":{"name":"(anonymous_10)","line":149,"loc":{"start":{"line":149,"column":79},"end":{"line":152,"column":10}},"skip":true},"11":{"name":"(anonymous_11)","line":160,"loc":{"start":{"line":160,"column":75},"end":{"line":163,"column":10}},"skip":true}},"statementMap":{"1":{"start":{"line":12,"column":0},"end":{"line":175,"column":5}},"2":{"start":{"line":14,"column":4},"end":{"line":14,"column":14}},"3":{"start":{"line":19,"column":4},"end":{"line":56,"column":9}},"4":{"start":{"line":21,"column":8},"end":{"line":21,"column":19}},"5":{"start":{"line":23,"column":8},"end":{"line":35,"column":13}},"6":{"start":{"line":24,"column":12},"end":{"line":34,"column":13}},"7":{"start":{"line":25,"column":16},"end":{"line":28,"column":30}},"8":{"start":{"line":30,"column":16},"end":{"line":33,"column":27}},"9":{"start":{"line":37,"column":8},"end":{"line":39,"column":21}},"10":{"start":{"line":40,"column":8},"end":{"line":53,"column":9}},"11":{"start":{"line":43,"column":12},"end":{"line":46,"column":14}},"12":{"start":{"line":47,"column":12},"end":{"line":47,"column":18}},"13":{"start":{"line":50,"column":12},"end":{"line":51,"column":46}},"14":{"start":{"line":52,"column":12},"end":{"line":52,"column":18}},"15":{"start":{"line":55,"column":8},"end":{"line":55,"column":35}},"16":{"start":{"line":61,"column":4},"end":{"line":63,"column":9}},"17":{"start":{"line":62,"column":8},"end":{"line":62,"column":15}},"18":{"start":{"line":64,"column":4},"end":{"line":77,"column":5}},"19":{"start":{"line":70,"column":8},"end":{"line":70,"column":14}},"20":{"start":{"line":76,"column":8},"end":{"line":76,"column":14}},"21":{"start":{"line":82,"column":4},"end":{"line":84,"column":9}},"22":{"start":{"line":83,"column":8},"end":{"line":83,"column":15}},"23":{"start":{"line":85,"column":4},"end":{"line":174,"column":5}},"24":{"start":{"line":92,"column":8},"end":{"line":94,"column":63}},"25":{"start":{"line":95,"column":8},"end":{"line":95,"column":14}},"26":{"start":{"line":102,"column":8},"end":{"line":111,"column":10},"skip":true},"27":{"start":{"line":109,"column":12},"end":{"line":109,"column":55},"skip":true},"28":{"start":{"line":110,"column":12},"end":{"line":110,"column":48},"skip":true},"29":{"start":{"line":113,"column":8},"end":{"line":125,"column":10},"skip":true},"30":{"start":{"line":120,"column":12},"end":{"line":120,"column":76},"skip":true},"31":{"start":{"line":121,"column":12},"end":{"line":121,"column":73},"skip":true},"32":{"start":{"line":122,"column":12},"end":{"line":122,"column":74},"skip":true},"33":{"start":{"line":123,"column":12},"end":{"line":123,"column":25},"skip":true},"34":{"start":{"line":124,"column":12},"end":{"line":124,"column":45},"skip":true},"35":{"start":{"line":127,"column":8},"end":{"line":136,"column":10},"skip":true},"36":{"start":{"line":134,"column":12},"end":{"line":134,"column":25},"skip":true},"37":{"start":{"line":135,"column":12},"end":{"line":135,"column":45},"skip":true},"38":{"start":{"line":138,"column":8},"end":{"line":147,"column":10},"skip":true},"39":{"start":{"line":145,"column":12},"end":{"line":145,"column":25},"skip":true},"40":{"start":{"line":146,"column":12},"end":{"line":146,"column":48},"skip":true},"41":{"start":{"line":149,"column":8},"end":{"line":158,"column":10},"skip":true},"42":{"start":{"line":156,"column":12},"end":{"line":156,"column":25},"skip":true},"43":{"start":{"line":157,"column":12},"end":{"line":157,"column":46},"skip":true},"44":{"start":{"line":160,"column":8},"end":{"line":169,"column":10},"skip":true},"45":{"start":{"line":167,"column":12},"end":{"line":167,"column":94},"skip":true},"46":{"start":{"line":168,"column":12},"end":{"line":168,"column":48},"skip":true},"47":{"start":{"line":172,"column":8},"end":{"line":172,"column":35},"skip":true},"48":{"start":{"line":173,"column":8},"end":{"line":173,"column":14},"skip":true}},"branchMap":{"1":{"line":25,"type":"binary-expr","locations":[{"start":{"line":25,"column":23},"end":{"line":25,"column":62}},{"start":{"line":26,"column":20},"end":{"line":26,"column":70}},{"start":{"line":27,"column":20},"end":{"line":27,"column":71}},{"start":{"line":28,"column":20},"end":{"line":28,"column":29}}]},"2":{"line":30,"type":"binary-expr","locations":[{"start":{"line":30,"column":23},"end":{"line":30,"column":37}},{"start":{"line":31,"column":20},"end":{"line":31,"column":61}},{"start":{"line":32,"column":20},"end":{"line":32,"column":70}},{"start":{"line":33,"column":20},"end":{"line":33,"column":26}}]},"3":{"line":37,"type":"cond-expr","locations":[{"start":{"line":38,"column":14},"end":{"line":38,"column":20}},{"start":{"line":39,"column":14},"end":{"line":39,"column":20}}]},"4":{"line":40,"type":"switch","locations":[{"start":{"line":42,"column":8},"end":{"line":47,"column":18}},{"start":{"line":49,"column":8},"end":{"line":52,"column":18}}]},"5":{"line":44,"type":"binary-expr","locations":[{"start":{"line":44,"column":16},"end":{"line":44,"column":44}},{"start":{"line":44,"column":48},"end":{"line":44,"column":66}}]},"6":{"line":50,"type":"binary-expr","locations":[{"start":{"line":50,"column":21},"end":{"line":50,"column":49}},{"start":{"line":50,"column":53},"end":{"line":50,"column":72}}]},"7":{"line":64,"type":"switch","locations":[{"start":{"line":69,"column":4},"end":{"line":70,"column":14}},{"start":{"line":75,"column":4},"end":{"line":76,"column":14}}]},"8":{"line":85,"type":"switch","locations":[{"start":{"line":90,"column":4},"end":{"line":95,"column":14}},{"start":{"line":101,"column":4},"end":{"line":173,"column":14},"skip":true}]},"9":{"line":92,"type":"binary-expr","locations":[{"start":{"line":92,"column":18},"end":{"line":92,"column":32}},{"start":{"line":93,"column":12},"end":{"line":93,"column":53}},{"start":{"line":94,"column":12},"end":{"line":94,"column":61}}]},"10":{"line":102,"type":"binary-expr","locations":[{"start":{"line":102,"column":45},"end":{"line":102,"column":79},"skip":true},{"start":{"line":102,"column":83},"end":{"line":111,"column":9},"skip":true}]},"11":{"line":113,"type":"binary-expr","locations":[{"start":{"line":113,"column":42},"end":{"line":113,"column":73},"skip":true},{"start":{"line":113,"column":77},"end":{"line":125,"column":9},"skip":true}]},"12":{"line":127,"type":"binary-expr","locations":[{"start":{"line":127,"column":42},"end":{"line":127,"column":73},"skip":true},{"start":{"line":127,"column":77},"end":{"line":136,"column":9},"skip":true}]},"13":{"line":138,"type":"binary-expr","locations":[{"start":{"line":138,"column":45},"end":{"line":138,"column":79},"skip":true},{"start":{"line":138,"column":83},"end":{"line":147,"column":9},"skip":true}]},"14":{"line":149,"type":"binary-expr","locations":[{"start":{"line":149,"column":43},"end":{"line":149,"column":75},"skip":true},{"start":{"line":149,"column":79},"end":{"line":158,"column":9},"skip":true}]},"15":{"line":160,"type":"binary-expr","locations":[{"start":{"line":160,"column":41},"end":{"line":160,"column":71},"skip":true},{"start":{"line":160,"column":75},"end":{"line":169,"column":9},"skip":true}]}},"code":["/* istanbul instrument in package npmtest_nightmare */","/*jslint","    bitwise: true,","    browser: true,","    maxerr: 8,","    maxlen: 96,","    node: true,","    nomen: true,","    regexp: true,","    stupid: true","*/","(function () {","    'use strict';","    var local;","","","","    // run shared js-env code - pre-init","    (function () {","        // init local","        local = {};","        // init modeJs","        local.modeJs = (function () {","            try {","                return typeof navigator.userAgent === 'string' &&","                    typeof document.querySelector('body') === 'object' &&","                    typeof XMLHttpRequest.prototype.open === 'function' &&","                    'browser';","            } catch (errorCaughtBrowser) {","                return module.exports &&","                    typeof process.versions.node === 'string' &&","                    typeof require('http').createServer === 'function' &&","                    'node';","            }","        }());","        // init global","        local.global = local.modeJs === 'browser'","            ? window","            : global;","        switch (local.modeJs) {","        // re-init local from window.local","        case 'browser':","            local = local.global.utility2.objectSetDefault(","                local.global.utility2_rollup || local.global.local,","                local.global.utility2","            );","            break;","        // re-init local from example.js","        case 'node':","            local = (local.global.utility2_rollup || require('utility2'))","                .requireExampleJsFromReadme();","            break;","        }","        // export local","        local.global.local = local;","    }());","","","","    // run shared js-env code - function","    (function () {","        return;","    }());","    switch (local.modeJs) {","","","","    // run browser js-env code - function","    case 'browser':","        break;","","","","    // run node js-env code - function","    case 'node':","        break;","    }","","","","    // run shared js-env code - post-init","    (function () {","        return;","    }());","    switch (local.modeJs) {","","","","    // run browser js-env code - post-init","    case 'browser':","        // run tests","        local.nop(local.modeTest &&","            document.querySelector('#testRunButton1') &&","            document.querySelector('#testRunButton1').click());","        break;","","","","    // run node js-env code - post-init","    /* istanbul ignore next */","    case 'node':","        local.testCase_buildApidoc_default = local.testCase_buildApidoc_default || function (","            options,","            onError","        ) {","        /*","         * this function will test buildApidoc's default handling-behavior-behavior","         */","            options = { modulePathList: module.paths };","            local.buildApidoc(options, onError);","        };","","        local.testCase_buildApp_default = local.testCase_buildApp_default || function (","            options,","            onError","        ) {","        /*","         * this function will test buildApp's default handling-behavior-behavior","         */","            local.testCase_buildReadme_default(options, local.onErrorThrow);","            local.testCase_buildLib_default(options, local.onErrorThrow);","            local.testCase_buildTest_default(options, local.onErrorThrow);","            options = [];","            local.buildApp(options, onError);","        };","","        local.testCase_buildLib_default = local.testCase_buildLib_default || function (","            options,","            onError","        ) {","        /*","         * this function will test buildLib's default handling-behavior","         */","            options = {};","            local.buildLib(options, onError);","        };","","        local.testCase_buildReadme_default = local.testCase_buildReadme_default || function (","            options,","            onError","        ) {","        /*","         * this function will test buildReadme's default handling-behavior-behavior","         */","            options = {};","            local.buildReadme(options, onError);","        };","","        local.testCase_buildTest_default = local.testCase_buildTest_default || function (","            options,","            onError","        ) {","        /*","         * this function will test buildTest's default handling-behavior","         */","            options = {};","            local.buildTest(options, onError);","        };","","        local.testCase_webpage_default = local.testCase_webpage_default || function (","            options,","            onError","        ) {","        /*","         * this function will test webpage's default handling-behavior","         */","            options = { modeCoverageMerge: true, url: local.serverLocalHost + '?modeTest=1' };","            local.browserTest(options, onError);","        };","","        // run test-server","        local.testRunServer(local);","        break;","    }","}());",""],"l":{"12":2,"14":2,"19":2,"21":2,"23":2,"24":2,"25":2,"30":1,"37":2,"40":2,"43":1,"47":1,"50":1,"52":1,"55":2,"61":2,"62":2,"64":2,"70":1,"76":1,"82":2,"83":2,"85":2,"92":1,"95":1,"102":1,"109":1,"110":1,"113":1,"120":1,"121":1,"122":1,"123":1,"124":1,"127":1,"134":2,"135":2,"138":1,"145":2,"146":2,"149":1,"156":2,"157":2,"160":1,"167":1,"168":1,"172":1,"173":1}},"/home/travis/build/npmtest/node-npmtest-nightmare/lib.npmtest_nightmare.js":{"path":"/home/travis/build/npmtest/node-npmtest-nightmare/lib.npmtest_nightmare.js","s":{"1":2,"2":2,"3":2,"4":2,"5":2,"6":2,"7":2,"8":1,"9":2,"10":2,"11":2,"12":2,"13":1,"14":1,"15":1,"16":1},"b":{"1":[2,1,1,1],"2":[1,1,1,1],"3":[1,1],"4":[2,2],"5":[1,1]},"f":{"1":2,"2":2,"3":2},"fnMap":{"1":{"name":"(anonymous_1)","line":12,"loc":{"start":{"line":12,"column":1},"end":{"line":12,"column":13}}},"2":{"name":"(anonymous_2)","line":19,"loc":{"start":{"line":19,"column":5},"end":{"line":19,"column":17}}},"3":{"name":"(anonymous_3)","line":23,"loc":{"start":{"line":23,"column":24},"end":{"line":23,"column":36}}}},"statementMap":{"1":{"start":{"line":12,"column":0},"end":{"line":53,"column":5}},"2":{"start":{"line":14,"column":4},"end":{"line":14,"column":14}},"3":{"start":{"line":19,"column":4},"end":{"line":52,"column":9}},"4":{"start":{"line":21,"column":8},"end":{"line":21,"column":19}},"5":{"start":{"line":23,"column":8},"end":{"line":35,"column":13}},"6":{"start":{"line":24,"column":12},"end":{"line":34,"column":13}},"7":{"start":{"line":25,"column":16},"end":{"line":28,"column":30}},"8":{"start":{"line":30,"column":16},"end":{"line":33,"column":27}},"9":{"start":{"line":37,"column":8},"end":{"line":39,"column":21}},"10":{"start":{"line":41,"column":8},"end":{"line":41,"column":54}},"11":{"start":{"line":43,"column":8},"end":{"line":43,"column":54}},"12":{"start":{"line":45,"column":8},"end":{"line":51,"column":9}},"13":{"start":{"line":46,"column":12},"end":{"line":46,"column":60}},"14":{"start":{"line":48,"column":12},"end":{"line":48,"column":35}},"15":{"start":{"line":49,"column":12},"end":{"line":49,"column":49}},"16":{"start":{"line":50,"column":12},"end":{"line":50,"column":43}}},"branchMap":{"1":{"line":25,"type":"binary-expr","locations":[{"start":{"line":25,"column":23},"end":{"line":25,"column":62}},{"start":{"line":26,"column":20},"end":{"line":26,"column":70}},{"start":{"line":27,"column":20},"end":{"line":27,"column":71}},{"start":{"line":28,"column":20},"end":{"line":28,"column":29}}]},"2":{"line":30,"type":"binary-expr","locations":[{"start":{"line":30,"column":23},"end":{"line":30,"column":37}},{"start":{"line":31,"column":20},"end":{"line":31,"column":61}},{"start":{"line":32,"column":20},"end":{"line":32,"column":70}},{"start":{"line":33,"column":20},"end":{"line":33,"column":26}}]},"3":{"line":37,"type":"cond-expr","locations":[{"start":{"line":38,"column":14},"end":{"line":38,"column":20}},{"start":{"line":39,"column":14},"end":{"line":39,"column":20}}]},"4":{"line":41,"type":"binary-expr","locations":[{"start":{"line":41,"column":16},"end":{"line":41,"column":44}},{"start":{"line":41,"column":48},"end":{"line":41,"column":53}}]},"5":{"line":45,"type":"if","locations":[{"start":{"line":45,"column":8},"end":{"line":45,"column":8}},{"start":{"line":45,"column":8},"end":{"line":45,"column":8}}]}},"code":["/* istanbul instrument in package npmtest_nightmare */","/*jslint","    bitwise: true,","    browser: true,","    maxerr: 8,","    maxlen: 96,","    node: true,","    nomen: true,","    regexp: true,","    stupid: true","*/","(function () {","    'use strict';","    var local;","","","","    // run shared js-env code - pre-init","    (function () {","        // init local","        local = {};","        // init modeJs","        local.modeJs = (function () {","            try {","                return typeof navigator.userAgent === 'string' &&","                    typeof document.querySelector('body') === 'object' &&","                    typeof XMLHttpRequest.prototype.open === 'function' &&","                    'browser';","            } catch (errorCaughtBrowser) {","                return module.exports &&","                    typeof process.versions.node === 'string' &&","                    typeof require('http').createServer === 'function' &&","                    'node';","            }","        }());","        // init global","        local.global = local.modeJs === 'browser'","            ? window","            : global;","        // init utility2_rollup","        local = local.global.utility2_rollup || local;","        // init lib","        local.local = local.npmtest_nightmare = local;","        // init exports","        if (local.modeJs === 'browser') {","            local.global.utility2_npmtest_nightmare = local;","        } else {","            module.exports = local;","            module.exports.__dirname = __dirname;","            module.exports.module = module;","        }","    }());","}());",""],"l":{"12":2,"14":2,"19":2,"21":2,"23":2,"24":2,"25":2,"30":1,"37":2,"41":2,"43":2,"45":2,"46":1,"48":1,"49":1,"50":1}},"/home/travis/build/npmtest/node-npmtest-nightmare/example.js":{"path":"/home/travis/build/npmtest/node-npmtest-nightmare/example.js","s":{"1":2,"2":2,"3":2,"4":2,"5":2,"6":2,"7":2,"8":1,"9":2,"10":2,"11":2,"12":2,"13":1,"14":2,"15":2,"16":2,"17":2,"18":2,"19":0,"20":2,"21":1,"22":1,"23":1,"24":1,"25":1,"26":0,"27":0,"28":1,"29":1,"30":2,"31":0,"32":0,"33":0,"34":1,"35":2,"36":2,"37":2,"38":2,"39":2,"40":2,"41":0,"42":2,"43":2,"44":2,"45":1,"46":3,"47":1,"48":1,"49":1,"50":1,"51":1,"52":1,"53":1,"54":1,"55":1,"56":1,"57":0,"58":1,"59":6,"60":6,"61":1,"62":2,"63":0,"64":2,"65":1,"66":1,"67":0,"68":0,"69":0,"70":0,"71":0,"72":0,"73":0,"74":0,"75":0,"76":0,"77":0,"78":0,"79":0,"80":0,"81":0,"82":0,"83":0},"b":{"1":[2,1,1,1],"2":[1,1,1,1],"3":[1,1],"4":[2,2],"5":[1,1],"6":[1,1],"7":[2,0],"8":[2,1,1,1,1,1],"9":[0,2,0],"10":[1,1],"11":[2,1,1],"12":[1,0],"13":[0,2],"14":[2,0,0,0,0,0,0],"15":[0,2],"16":[2,0],"17":[1,1],"18":[0,1],"19":[1,2,0,2],"20":[1,0],"21":[1,1],"22":[0,0],"23":[0,0],"24":[0,0],"25":[0,0],"26":[0,0],"27":[0,0],"28":[0,0]},"f":{"1":2,"2":2,"3":2,"4":2,"5":2,"6":2,"7":2,"8":2,"9":3,"10":1,"11":6,"12":0},"fnMap":{"1":{"name":"(anonymous_1)","line":26,"loc":{"start":{"line":26,"column":1},"end":{"line":26,"column":13}}},"2":{"name":"(anonymous_2)","line":33,"loc":{"start":{"line":33,"column":5},"end":{"line":33,"column":17}}},"3":{"name":"(anonymous_3)","line":37,"loc":{"start":{"line":37,"column":24},"end":{"line":37,"column":36}}},"4":{"name":"(anonymous_4)","line":69,"loc":{"start":{"line":69,"column":31},"end":{"line":69,"column":48}},"skip":true},"5":{"name":"(anonymous_5)","line":78,"loc":{"start":{"line":78,"column":26},"end":{"line":78,"column":45}},"skip":true},"6":{"name":"(anonymous_6)","line":123,"loc":{"start":{"line":123,"column":33},"end":{"line":123,"column":48}},"skip":true},"7":{"name":"(anonymous_7)","line":125,"loc":{"start":{"line":125,"column":27},"end":{"line":125,"column":39}},"skip":true},"8":{"name":"(anonymous_8)","line":133,"loc":{"start":{"line":133,"column":59},"end":{"line":133,"column":74}},"skip":true},"9":{"name":"(anonymous_9)","line":143,"loc":{"start":{"line":143,"column":45},"end":{"line":143,"column":62}},"skip":true},"10":{"name":"(anonymous_10)","line":144,"loc":{"start":{"line":144,"column":73},"end":{"line":144,"column":92}},"skip":true},"11":{"name":"(anonymous_11)","line":272,"loc":{"start":{"line":272,"column":51},"end":{"line":272,"column":77}},"skip":true},"12":{"name":"(anonymous_12)","line":314,"loc":{"start":{"line":314,"column":32},"end":{"line":314,"column":61}},"skip":true}},"statementMap":{"1":{"start":{"line":26,"column":0},"end":{"line":325,"column":5}},"2":{"start":{"line":28,"column":4},"end":{"line":28,"column":14}},"3":{"start":{"line":33,"column":4},"end":{"line":60,"column":9}},"4":{"start":{"line":35,"column":8},"end":{"line":35,"column":19}},"5":{"start":{"line":37,"column":8},"end":{"line":49,"column":13}},"6":{"start":{"line":38,"column":12},"end":{"line":48,"column":13}},"7":{"start":{"line":39,"column":16},"end":{"line":42,"column":30}},"8":{"start":{"line":44,"column":16},"end":{"line":47,"column":27}},"9":{"start":{"line":51,"column":8},"end":{"line":53,"column":21}},"10":{"start":{"line":55,"column":8},"end":{"line":57,"column":45}},"11":{"start":{"line":59,"column":8},"end":{"line":59,"column":35}},"12":{"start":{"line":61,"column":4},"end":{"line":324,"column":5}},"13":{"start":{"line":69,"column":8},"end":{"line":121,"column":10},"skip":true},"14":{"start":{"line":70,"column":12},"end":{"line":88,"column":13},"skip":true},"15":{"start":{"line":76,"column":16},"end":{"line":87,"column":19},"skip":true},"16":{"start":{"line":79,"column":20},"end":{"line":86,"column":21},"skip":true},"17":{"start":{"line":82,"column":24},"end":{"line":82,"column":43},"skip":true},"18":{"start":{"line":83,"column":24},"end":{"line":83,"column":30},"skip":true},"19":{"start":{"line":85,"column":24},"end":{"line":85,"column":49},"skip":true},"20":{"start":{"line":89,"column":12},"end":{"line":107,"column":13},"skip":true},"21":{"start":{"line":92,"column":16},"end":{"line":102,"column":17},"skip":true},"22":{"start":{"line":93,"column":20},"end":{"line":93,"column":86},"skip":true},"23":{"start":{"line":94,"column":20},"end":{"line":95,"column":45},"skip":true},"24":{"start":{"line":96,"column":20},"end":{"line":96,"column":42},"skip":true},"25":{"start":{"line":97,"column":20},"end":{"line":97,"column":48},"skip":true},"26":{"start":{"line":100,"column":20},"end":{"line":100,"column":85},"skip":true},"27":{"start":{"line":101,"column":20},"end":{"line":101,"column":96},"skip":true},"28":{"start":{"line":103,"column":16},"end":{"line":103,"column":22},"skip":true},"29":{"start":{"line":106,"column":16},"end":{"line":106,"column":22},"skip":true},"30":{"start":{"line":108,"column":12},"end":{"line":120,"column":13},"skip":true},"31":{"start":{"line":114,"column":16},"end":{"line":119,"column":17},"skip":true},"32":{"start":{"line":116,"column":20},"end":{"line":116,"column":78},"skip":true},"33":{"start":{"line":118,"column":20},"end":{"line":118,"column":53},"skip":true},"34":{"start":{"line":123,"column":8},"end":{"line":141,"column":11},"skip":true},"35":{"start":{"line":124,"column":12},"end":{"line":124,"column":54},"skip":true},"36":{"start":{"line":125,"column":12},"end":{"line":140,"column":14},"skip":true},"37":{"start":{"line":126,"column":16},"end":{"line":126,"column":28},"skip":true},"38":{"start":{"line":127,"column":16},"end":{"line":127,"column":69},"skip":true},"39":{"start":{"line":128,"column":16},"end":{"line":128,"column":75},"skip":true},"40":{"start":{"line":129,"column":16},"end":{"line":131,"column":17},"skip":true},"41":{"start":{"line":130,"column":20},"end":{"line":130,"column":27},"skip":true},"42":{"start":{"line":133,"column":16},"end":{"line":137,"column":36},"skip":true},"43":{"start":{"line":134,"column":20},"end":{"line":136,"column":55},"skip":true},"44":{"start":{"line":139,"column":16},"end":{"line":139,"column":57},"skip":true},"45":{"start":{"line":143,"column":8},"end":{"line":147,"column":11},"skip":true},"46":{"start":{"line":144,"column":12},"end":{"line":146,"column":15},"skip":true},"47":{"start":{"line":145,"column":16},"end":{"line":145,"column":70},"skip":true},"48":{"start":{"line":149,"column":8},"end":{"line":149,"column":31},"skip":true},"49":{"start":{"line":150,"column":8},"end":{"line":150,"column":14},"skip":true},"50":{"start":{"line":158,"column":8},"end":{"line":158,"column":31},"skip":true},"51":{"start":{"line":160,"column":8},"end":{"line":160,"column":33},"skip":true},"52":{"start":{"line":161,"column":8},"end":{"line":161,"column":37},"skip":true},"53":{"start":{"line":162,"column":8},"end":{"line":162,"column":35},"skip":true},"54":{"start":{"line":164,"column":8},"end":{"line":164,"column":50},"skip":true},"55":{"start":{"line":166,"column":8},"end":{"line":256,"column":2},"skip":true},"56":{"start":{"line":258,"column":8},"end":{"line":286,"column":9},"skip":true},"57":{"start":{"line":259,"column":12},"end":{"line":269,"column":14},"skip":true},"58":{"start":{"line":271,"column":12},"end":{"line":285,"column":19},"skip":true},"59":{"start":{"line":274,"column":20},"end":{"line":274,"column":35},"skip":true},"60":{"start":{"line":275,"column":20},"end":{"line":284,"column":21},"skip":true},"61":{"start":{"line":277,"column":24},"end":{"line":277,"column":64},"skip":true},"62":{"start":{"line":279,"column":24},"end":{"line":279,"column":40},"skip":true},"63":{"start":{"line":281,"column":24},"end":{"line":281,"column":40},"skip":true},"64":{"start":{"line":283,"column":24},"end":{"line":283,"column":39},"skip":true},"65":{"start":{"line":288,"column":8},"end":{"line":290,"column":9},"skip":true},"66":{"start":{"line":289,"column":12},"end":{"line":289,"column":18},"skip":true},"67":{"start":{"line":291,"column":8},"end":{"line":293,"column":54},"skip":true},"68":{"start":{"line":294,"column":8},"end":{"line":301,"column":37},"skip":true},"69":{"start":{"line":302,"column":8},"end":{"line":302,"column":82},"skip":true},"70":{"start":{"line":305,"column":8},"end":{"line":307,"column":9},"skip":true},"71":{"start":{"line":306,"column":12},"end":{"line":306,"column":82},"skip":true},"72":{"start":{"line":309,"column":8},"end":{"line":311,"column":9},"skip":true},"73":{"start":{"line":310,"column":12},"end":{"line":310,"column":18},"skip":true},"74":{"start":{"line":312,"column":8},"end":{"line":312,"column":54},"skip":true},"75":{"start":{"line":313,"column":8},"end":{"line":313,"column":69},"skip":true},"76":{"start":{"line":314,"column":8},"end":{"line":322,"column":36},"skip":true},"77":{"start":{"line":315,"column":12},"end":{"line":315,"column":61},"skip":true},"78":{"start":{"line":316,"column":12},"end":{"line":319,"column":13},"skip":true},"79":{"start":{"line":317,"column":16},"end":{"line":317,"column":75},"skip":true},"80":{"start":{"line":318,"column":16},"end":{"line":318,"column":23},"skip":true},"81":{"start":{"line":320,"column":12},"end":{"line":320,"column":38},"skip":true},"82":{"start":{"line":321,"column":12},"end":{"line":321,"column":27},"skip":true},"83":{"start":{"line":323,"column":8},"end":{"line":323,"column":14},"skip":true}},"branchMap":{"1":{"line":39,"type":"binary-expr","locations":[{"start":{"line":39,"column":23},"end":{"line":39,"column":62}},{"start":{"line":40,"column":20},"end":{"line":40,"column":70}},{"start":{"line":41,"column":20},"end":{"line":41,"column":71}},{"start":{"line":42,"column":20},"end":{"line":42,"column":29}}]},"2":{"line":44,"type":"binary-expr","locations":[{"start":{"line":44,"column":23},"end":{"line":44,"column":37}},{"start":{"line":45,"column":20},"end":{"line":45,"column":61}},{"start":{"line":46,"column":20},"end":{"line":46,"column":70}},{"start":{"line":47,"column":20},"end":{"line":47,"column":26}}]},"3":{"line":51,"type":"cond-expr","locations":[{"start":{"line":52,"column":14},"end":{"line":52,"column":20}},{"start":{"line":53,"column":14},"end":{"line":53,"column":20}}]},"4":{"line":55,"type":"binary-expr","locations":[{"start":{"line":55,"column":16},"end":{"line":55,"column":44}},{"start":{"line":55,"column":49},"end":{"line":57,"column":43}}]},"5":{"line":55,"type":"cond-expr","locations":[{"start":{"line":56,"column":14},"end":{"line":56,"column":53}},{"start":{"line":57,"column":14},"end":{"line":57,"column":43}}]},"6":{"line":61,"type":"switch","locations":[{"start":{"line":68,"column":4},"end":{"line":150,"column":14},"skip":true},{"start":{"line":156,"column":4},"end":{"line":323,"column":14},"skip":true}]},"7":{"line":70,"type":"if","locations":[{"start":{"line":70,"column":12},"end":{"line":70,"column":12},"skip":true},{"start":{"line":70,"column":12},"end":{"line":70,"column":12},"skip":true}]},"8":{"line":70,"type":"binary-expr","locations":[{"start":{"line":70,"column":16},"end":{"line":70,"column":22},"skip":true},{"start":{"line":70,"column":27},"end":{"line":70,"column":32},"skip":true},{"start":{"line":71,"column":20},"end":{"line":71,"column":39},"skip":true},{"start":{"line":72,"column":20},"end":{"line":72,"column":49},"skip":true},{"start":{"line":73,"column":20},"end":{"line":73,"column":58},"skip":true},{"start":{"line":74,"column":20},"end":{"line":74,"column":69},"skip":true}]},"9":{"line":79,"type":"switch","locations":[{"start":{"line":80,"column":20},"end":{"line":80,"column":33},"skip":true},{"start":{"line":81,"column":20},"end":{"line":83,"column":30},"skip":true},{"start":{"line":84,"column":20},"end":{"line":85,"column":49},"skip":true}]},"10":{"line":89,"type":"switch","locations":[{"start":{"line":90,"column":12},"end":{"line":103,"column":22},"skip":true},{"start":{"line":105,"column":12},"end":{"line":106,"column":22},"skip":true}]},"11":{"line":89,"type":"binary-expr","locations":[{"start":{"line":89,"column":20},"end":{"line":89,"column":25},"skip":true},{"start":{"line":89,"column":29},"end":{"line":89,"column":48},"skip":true},{"start":{"line":89,"column":52},"end":{"line":89,"column":74},"skip":true}]},"12":{"line":92,"type":"if","locations":[{"start":{"line":92,"column":16},"end":{"line":92,"column":16},"skip":true},{"start":{"line":92,"column":16},"end":{"line":92,"column":16},"skip":true}]},"13":{"line":108,"type":"if","locations":[{"start":{"line":108,"column":12},"end":{"line":108,"column":12},"skip":true},{"start":{"line":108,"column":12},"end":{"line":108,"column":12},"skip":true}]},"14":{"line":108,"type":"binary-expr","locations":[{"start":{"line":108,"column":16},"end":{"line":108,"column":61},"skip":true},{"start":{"line":108,"column":66},"end":{"line":108,"column":72},"skip":true},{"start":{"line":108,"column":77},"end":{"line":108,"column":82},"skip":true},{"start":{"line":109,"column":20},"end":{"line":109,"column":39},"skip":true},{"start":{"line":110,"column":20},"end":{"line":110,"column":49},"skip":true},{"start":{"line":111,"column":20},"end":{"line":111,"column":58},"skip":true},{"start":{"line":112,"column":20},"end":{"line":112,"column":68},"skip":true}]},"15":{"line":129,"type":"if","locations":[{"start":{"line":129,"column":16},"end":{"line":129,"column":16},"skip":true},{"start":{"line":129,"column":16},"end":{"line":129,"column":16},"skip":true}]},"16":{"line":134,"type":"cond-expr","locations":[{"start":{"line":135,"column":26},"end":{"line":135,"column":29},"skip":true},{"start":{"line":136,"column":26},"end":{"line":136,"column":54},"skip":true}]},"17":{"line":164,"type":"binary-expr","locations":[{"start":{"line":164,"column":27},"end":{"line":164,"column":43},"skip":true},{"start":{"line":164,"column":47},"end":{"line":164,"column":49},"skip":true}]},"18":{"line":258,"type":"if","locations":[{"start":{"line":258,"column":8},"end":{"line":258,"column":8},"skip":true},{"start":{"line":258,"column":8},"end":{"line":258,"column":8},"skip":true}]},"19":{"line":275,"type":"switch","locations":[{"start":{"line":276,"column":20},"end":{"line":277,"column":64},"skip":true},{"start":{"line":278,"column":20},"end":{"line":279,"column":40},"skip":true},{"start":{"line":280,"column":20},"end":{"line":281,"column":40},"skip":true},{"start":{"line":282,"column":20},"end":{"line":283,"column":39},"skip":true}]},"20":{"line":288,"type":"if","locations":[{"start":{"line":288,"column":8},"end":{"line":288,"column":8},"skip":true},{"start":{"line":288,"column":8},"end":{"line":288,"column":8},"skip":true}]},"21":{"line":288,"type":"binary-expr","locations":[{"start":{"line":288,"column":12},"end":{"line":288,"column":40},"skip":true},{"start":{"line":288,"column":44},"end":{"line":288,"column":67},"skip":true}]},"22":{"line":292,"type":"binary-expr","locations":[{"start":{"line":292,"column":12},"end":{"line":292,"column":50},"skip":true},{"start":{"line":293,"column":12},"end":{"line":293,"column":53},"skip":true}]},"23":{"line":295,"type":"binary-expr","locations":[{"start":{"line":295,"column":12},"end":{"line":295,"column":67},"skip":true},{"start":{"line":296,"column":12},"end":{"line":301,"column":36},"skip":true}]},"24":{"line":302,"type":"binary-expr","locations":[{"start":{"line":302,"column":43},"end":{"line":302,"column":75},"skip":true},{"start":{"line":302,"column":79},"end":{"line":302,"column":81},"skip":true}]},"25":{"line":305,"type":"if","locations":[{"start":{"line":305,"column":8},"end":{"line":305,"column":8},"skip":true},{"start":{"line":305,"column":8},"end":{"line":305,"column":8},"skip":true}]},"26":{"line":309,"type":"if","locations":[{"start":{"line":309,"column":8},"end":{"line":309,"column":8},"skip":true},{"start":{"line":309,"column":8},"end":{"line":309,"column":8},"skip":true}]},"27":{"line":312,"type":"binary-expr","locations":[{"start":{"line":312,"column":27},"end":{"line":312,"column":43},"skip":true},{"start":{"line":312,"column":47},"end":{"line":312,"column":53},"skip":true}]},"28":{"line":316,"type":"if","locations":[{"start":{"line":316,"column":12},"end":{"line":316,"column":12},"skip":true},{"start":{"line":316,"column":12},"end":{"line":316,"column":12},"skip":true}]}},"code":["/*","example.js","","quickstart example","","instruction","    1. save this script as example.js","    2. run the shell command:","        $ npm install npmtest-nightmare && PORT=8081 node example.js","    3. play with the browser-demo on http://127.0.0.1:8081","*/","","","","/* istanbul instrument in package npmtest_nightmare */","/*jslint","    bitwise: true,","    browser: true,","    maxerr: 8,","    maxlen: 96,","    node: true,","    nomen: true,","    regexp: true,","    stupid: true","*/","(function () {","    'use strict';","    var local;","","","","    // run shared js-env code - pre-init","    (function () {","        // init local","        local = {};","        // init modeJs","        local.modeJs = (function () {","            try {","                return typeof navigator.userAgent === 'string' &&","                    typeof document.querySelector('body') === 'object' &&","                    typeof XMLHttpRequest.prototype.open === 'function' &&","                    'browser';","            } catch (errorCaughtBrowser) {","                return module.exports &&","                    typeof process.versions.node === 'string' &&","                    typeof require('http').createServer === 'function' &&","                    'node';","            }","        }());","        // init global","        local.global = local.modeJs === 'browser'","            ? window","            : global;","        // init utility2_rollup","        local = local.global.utility2_rollup || (local.modeJs === 'browser'","            ? local.global.utility2_npmtest_nightmare","            : global.utility2_moduleExports);","        // export local","        local.global.local = local;","    }());","    switch (local.modeJs) {","","","","    // post-init","    // run browser js-env code - post-init","    /* istanbul ignore next */","    case 'browser':","        local.testRunBrowser = function (event) {","            if (!event || (event &&","                    event.currentTarget &&","                    event.currentTarget.className &&","                    event.currentTarget.className.includes &&","                    event.currentTarget.className.includes('onreset'))) {","                // reset output","                Array.from(","                    document.querySelectorAll('body > .resettable')","                ).forEach(function (element) {","                    switch (element.tagName) {","                    case 'INPUT':","                    case 'TEXTAREA':","                        element.value = '';","                        break;","                    default:","                        element.textContent = '';","                    }","                });","            }","            switch (event && event.currentTarget && event.currentTarget.id) {","            case 'testRunButton1':","                // show tests","                if (document.querySelector('#testReportDiv1').style.display === 'none') {","                    document.querySelector('#testReportDiv1').style.display = 'block';","                    document.querySelector('#testRunButton1').textContent =","                        'hide internal test';","                    local.modeTest = true;","                    local.testRunDefault(local);","                // hide tests","                } else {","                    document.querySelector('#testReportDiv1').style.display = 'none';","                    document.querySelector('#testRunButton1').textContent = 'run internal test';","                }","                break;","            // custom-case","            default:","                break;","            }","            if (document.querySelector('#inputTextareaEval1') && (!event || (event &&","                    event.currentTarget &&","                    event.currentTarget.className &&","                    event.currentTarget.className.includes &&","                    event.currentTarget.className.includes('oneval')))) {","                // try to eval input-code","                try {","                    /*jslint evil: true*/","                    eval(document.querySelector('#inputTextareaEval1').value);","                } catch (errorCaught) {","                    console.error(errorCaught.stack);","                }","            }","        };","        // log stderr and stdout to #outputTextareaStdout1","        ['error', 'log'].forEach(function (key) {","            console[key + '_original'] = console[key];","            console[key] = function () {","                var element;","                console[key + '_original'].apply(console, arguments);","                element = document.querySelector('#outputTextareaStdout1');","                if (!element) {","                    return;","                }","                // append text to #outputTextareaStdout1","                element.value += Array.from(arguments).map(function (arg) {","                    return typeof arg === 'string'","                        ? arg","                        : JSON.stringify(arg, null, 4);","                }).join(' ') + '\\n';","                // scroll textarea to bottom","                element.scrollTop = element.scrollHeight;","            };","        });","        // init event-handling","        ['change', 'click', 'keyup'].forEach(function (event) {","            Array.from(document.querySelectorAll('.on' + event)).forEach(function (element) {","                element.addEventListener(event, local.testRunBrowser);","            });","        });","        // run tests","        local.testRunBrowser();","        break;","","","","    // run node js-env code - post-init","    /* istanbul ignore next */","    case 'node':","        // export local","        module.exports = local;","        // require modules","        local.fs = require('fs');","        local.http = require('http');","        local.url = require('url');","        // init assets","        local.assetsDict = local.assetsDict || {};","        /* jslint-ignore-begin */","        local.assetsDict['/assets.index.template.html'] = '\\","<!doctype html>\\n\\","<html lang=\"en\">\\n\\","<head>\\n\\","<meta charset=\"UTF-8\">\\n\\","<meta name=\"viewport\" content=\"width=device-width, initial-scale=1\">\\n\\","<title>{{env.npm_package_name}} (v{{env.npm_package_version}})</title>\\n\\","<style>\\n\\","/*csslint\\n\\","    box-sizing: false,\\n\\","    universal-selector: false\\n\\","*/\\n\\","* {\\n\\","    box-sizing: border-box;\\n\\","}\\n\\","body {\\n\\","    background: #dde;\\n\\","    font-family: Arial, Helvetica, sans-serif;\\n\\","    margin: 2rem;\\n\\","}\\n\\","body > * {\\n\\","    margin-bottom: 1rem;\\n\\","}\\n\\",".utility2FooterDiv {\\n\\","    margin-top: 20px;\\n\\","    text-align: center;\\n\\","}\\n\\","</style>\\n\\","<style>\\n\\","/*csslint\\n\\","*/\\n\\","textarea {\\n\\","    font-family: monospace;\\n\\","    height: 10rem;\\n\\","    width: 100%;\\n\\","}\\n\\","textarea[readonly] {\\n\\","    background: #ddd;\\n\\","}\\n\\","</style>\\n\\","</head>\\n\\","<body>\\n\\","<!-- utility2-comment\\n\\","<div id=\"ajaxProgressDiv1\" style=\"background: #d00; height: 2px; left: 0; margin: 0; padding: 0; position: fixed; top: 0; transition: background 0.5s, width 1.5s; width: 25%;\"></div>\\n\\","utility2-comment -->\\n\\","<h1>\\n\\","<!-- utility2-comment\\n\\","    <a\\n\\","        {{#if env.npm_package_homepage}}\\n\\","        href=\"{{env.npm_package_homepage}}\"\\n\\","        {{/if env.npm_package_homepage}}\\n\\","        target=\"_blank\"\\n\\","    >\\n\\","utility2-comment -->\\n\\","        {{env.npm_package_name}} (v{{env.npm_package_version}})\\n\\","<!-- utility2-comment\\n\\","    </a>\\n\\","utility2-comment -->\\n\\","</h1>\\n\\","<h3>{{env.npm_package_description}}</h3>\\n\\","<!-- utility2-comment\\n\\","<h4><a download href=\"assets.app.js\">download standalone app</a></h4>\\n\\","<button class=\"onclick onreset\" id=\"testRunButton1\">run internal test</button><br>\\n\\","<div id=\"testReportDiv1\" style=\"display: none;\"></div>\\n\\","utility2-comment -->\\n\\","\\n\\","\\n\\","\\n\\","<label>stderr and stdout</label>\\n\\","<textarea class=\"resettable\" id=\"outputTextareaStdout1\" readonly></textarea>\\n\\","<!-- utility2-comment\\n\\","{{#if isRollup}}\\n\\","<script src=\"assets.app.js\"></script>\\n\\","{{#unless isRollup}}\\n\\","utility2-comment -->\\n\\","<script src=\"assets.utility2.rollup.js\"></script>\\n\\","<script src=\"jsonp.utility2._stateInit?callback=window.utility2._stateInit\"></script>\\n\\","<script src=\"assets.npmtest_nightmare.rollup.js\"></script>\\n\\","<script src=\"assets.example.js\"></script>\\n\\","<script src=\"assets.test.js\"></script>\\n\\","<!-- utility2-comment\\n\\","{{/if isRollup}}\\n\\","utility2-comment -->\\n\\","<div class=\"utility2FooterDiv\">\\n\\","    [ this app was created with\\n\\","    <a href=\"https://github.com/kaizhu256/node-utility2\" target=\"_blank\">utility2</a>\\n\\","    ]\\n\\","</div>\\n\\","</body>\\n\\","</html>\\n\\","';","        /* jslint-ignore-end */","        if (local.templateRender) {","            local.assetsDict['/'] = local.templateRender(","                local.assetsDict['/assets.index.template.html'],","                {","                    env: local.objectSetDefault(local.env, {","                        npm_package_description: 'the greatest app in the world!',","                        npm_package_name: 'my-app',","                        npm_package_nameAlias: 'my_app',","                        npm_package_version: '0.0.1'","                    })","                }","            );","        } else {","            local.assetsDict['/'] = local.assetsDict['/assets.index.template.html']","                .replace((/\\{\\{env\\.(\\w+?)\\}\\}/g), function (match0, match1) {","                    // jslint-hack","                    String(match0);","                    switch (match1) {","                    case 'npm_package_description':","                        return 'the greatest app in the world!';","                    case 'npm_package_name':","                        return 'my-app';","                    case 'npm_package_nameAlias':","                        return 'my_app';","                    case 'npm_package_version':","                        return '0.0.1';","                    }","                });","        }","        // run the cli","        if (local.global.utility2_rollup || module !== require.main) {","            break;","        }","        local.assetsDict['/assets.example.js'] =","            local.assetsDict['/assets.example.js'] ||","            local.fs.readFileSync(__filename, 'utf8');","        local.assetsDict['/assets.npmtest_nightmare.rollup.js'] =","            local.assetsDict['/assets.npmtest_nightmare.rollup.js'] ||","            local.fs.readFileSync(","                // buildCustomOrg-hack","                local.npmtest_nightmare.__dirname +","                    '/lib.npmtest_nightmare.js',","                'utf8'","            ).replace((/^#!/), '//');","        local.assetsDict['/favicon.ico'] = local.assetsDict['/favicon.ico'] || '';","        // if $npm_config_timeout_exit exists,","        // then exit this process after $npm_config_timeout_exit ms","        if (Number(process.env.npm_config_timeout_exit)) {","            setTimeout(process.exit, Number(process.env.npm_config_timeout_exit));","        }","        // start server","        if (local.global.utility2_serverHttp1) {","            break;","        }","        process.env.PORT = process.env.PORT || '8081';","        console.error('server starting on port ' + process.env.PORT);","        local.http.createServer(function (request, response) {","            request.urlParsed = local.url.parse(request.url);","            if (local.assetsDict[request.urlParsed.pathname] !== undefined) {","                response.end(local.assetsDict[request.urlParsed.pathname]);","                return;","            }","            response.statusCode = 404;","            response.end();","        }).listen(process.env.PORT);","        break;","    }","}());",""],"l":{"26":2,"28":2,"33":2,"35":2,"37":2,"38":2,"39":2,"44":1,"51":2,"55":2,"59":2,"61":2,"69":1,"70":2,"76":2,"79":2,"82":2,"83":2,"85":1,"89":2,"92":1,"93":1,"94":1,"96":1,"97":1,"100":1,"101":1,"103":1,"106":1,"108":2,"114":1,"116":1,"118":1,"123":1,"124":2,"125":2,"126":2,"127":2,"128":2,"129":2,"130":1,"133":2,"134":2,"139":2,"143":1,"144":3,"145":1,"149":1,"150":1,"158":1,"160":1,"161":1,"162":1,"164":1,"166":1,"258":1,"259":1,"271":1,"274":6,"275":6,"277":1,"279":2,"281":1,"283":2,"288":1,"289":1,"291":1,"294":1,"302":1,"305":1,"306":1,"309":1,"310":1,"312":1,"313":1,"314":1,"315":1,"316":1,"317":1,"318":1,"320":1,"321":1,"323":1}},"/home/travis/build/npmtest/node-npmtest-nightmare/nightmare/lib/nightmare.js":{"path":"/home/travis/build/npmtest/node-npmtest-nightmare/nightmare/lib/nightmare.js","s":{"1":1,"2":1,"3":1,"4":1,"5":1,"6":1,"7":1,"8":1,"9":1,"10":1,"11":1,"12":1,"13":1,"14":1,"15":1,"16":1,"17":1,"18":1,"19":1,"20":1,"21":1,"22":1,"23":1,"24":1,"25":1,"26":1,"27":1,"28":0,"29":0,"30":0,"31":0,"32":0,"33":0,"34":0,"35":0,"36":0,"37":0,"38":0,"39":0,"40":0,"41":0,"42":0,"43":0,"44":0,"45":0,"46":0,"47":0,"48":0,"49":0,"50":0,"51":0,"52":0,"53":0,"54":0,"55":0,"56":0,"57":0,"58":0,"59":0,"60":0,"61":0,"62":0,"63":0,"64":0,"65":0,"66":0,"67":0,"68":0,"69":0,"70":0,"71":0,"72":0,"73":0,"74":0,"75":0,"76":0,"77":0,"78":0,"79":0,"80":0,"81":0,"82":0,"83":0,"84":0,"85":0,"86":0,"87":0,"88":0,"89":0,"90":0,"91":0,"92":0,"93":0,"94":0,"95":0,"96":0,"97":0,"98":0,"99":0,"100":0,"101":0,"102":0,"103":0,"104":0,"105":0,"106":0,"107":0,"108":0,"109":0,"110":0,"111":0,"112":0,"113":0,"114":0,"115":0,"116":0,"117":0,"118":0,"119":0,"120":0,"121":0,"122":0,"123":0,"124":0,"125":0,"126":0,"127":1,"128":0,"129":0,"130":0,"131":0,"132":1,"133":0,"134":0,"135":0,"136":0,"137":0,"138":0,"139":0,"140":0,"141":0,"142":0,"143":0,"144":1,"145":0,"146":0,"147":0,"148":0,"149":0,"150":0,"151":0,"152":0,"153":1,"154":0,"155":0,"156":0,"157":0,"158":0,"159":0,"160":1,"161":1,"162":1,"163":1,"164":1,"165":0,"166":0,"167":0,"168":0,"169":1,"170":0,"171":0,"172":0,"173":0,"174":0,"175":0,"176":0,"177":0,"178":1,"179":0,"180":0,"181":0,"182":0,"183":0,"184":0,"185":1,"186":0,"187":0,"188":0,"189":0,"190":0,"191":0,"192":0,"193":1,"194":0,"195":0,"196":0,"197":0,"198":0,"199":0,"200":1,"201":0,"202":0,"203":0,"204":0,"205":0,"206":0,"207":0,"208":1,"209":0,"210":0,"211":0,"212":0,"213":0,"214":1,"215":0,"216":0,"217":1,"218":0,"219":0,"220":0,"221":0,"222":1,"223":0,"224":0,"225":0,"226":0,"227":0,"228":0,"229":0,"230":0,"231":0,"232":0,"233":0,"234":0,"235":0,"236":0,"237":0,"238":1,"239":0,"240":0,"241":0,"242":0,"243":1,"244":0,"245":0,"246":0,"247":0,"248":1,"249":0,"250":0,"251":1,"252":0,"253":0,"254":0,"255":0,"256":0,"257":1,"258":0,"259":0,"260":0,"261":0,"262":0,"263":0,"264":0,"265":1,"266":0,"267":0,"268":1,"269":0,"270":0,"271":1,"272":28,"273":0,"274":0,"275":0,"276":0,"277":1,"278":29,"279":29,"280":29,"281":0,"282":0,"283":29,"284":29,"285":28,"286":1,"287":1,"288":1,"289":0,"290":0,"291":0,"292":0,"293":29,"294":0,"295":0,"296":0,"297":0,"298":1,"299":29,"300":29},"b":{"1":[0,0],"2":[0,0],"3":[0,0],"4":[0,0],"5":[0,0],"6":[0,0],"7":[0,0],"8":[0,0],"9":[0,0],"10":[0,0,0],"11":[0,0],"12":[0,0],"13":[0,0],"14":[0,0],"15":[0,0],"16":[0,0,0],"17":[0,0],"18":[0,0],"19":[0,0],"20":[0,0],"21":[0,0],"22":[0,0],"23":[0,0],"24":[0,0],"25":[0,0],"26":[0,0],"27":[0,0],"28":[0,0],"29":[0,0],"30":[0,0],"31":[0,0],"32":[0,0],"33":[0,0],"34":[0,0],"35":[0,0],"36":[0,0,0],"37":[0,0],"38":[0,0],"39":[0,0],"40":[0,0],"41":[0,0],"42":[0,0],"43":[0,0],"44":[0,0],"45":[0,0],"46":[29,0],"47":[29,0],"48":[28,1],"49":[1,0],"50":[0,29],"51":[0,0]},"f":{"1":0,"2":0,"3":0,"4":0,"5":0,"6":0,"7":0,"8":0,"9":0,"10":0,"11":0,"12":0,"13":0,"14":0,"15":0,"16":0,"17":0,"18":0,"19":0,"20":0,"21":0,"22":0,"23":0,"24":0,"25":0,"26":0,"27":0,"28":0,"29":0,"30":0,"31":0,"32":0,"33":0,"34":0,"35":0,"36":0,"37":0,"38":0,"39":0,"40":0,"41":0,"42":0,"43":0,"44":0,"45":0,"46":0,"47":0,"48":0,"49":0,"50":0,"51":0,"52":0,"53":0,"54":28,"55":0,"56":29,"57":0,"58":0,"59":29},"fnMap":{"1":{"name":"(anonymous_1)","line":26,"loc":{"start":{"line":26,"column":11},"end":{"line":26,"column":22}}},"2":{"name":"Nightmare","line":70,"loc":{"start":{"line":70,"column":0},"end":{"line":70,"column":28}}},"3":{"name":"(anonymous_3)","line":144,"loc":{"start":{"line":144,"column":27},"end":{"line":144,"column":40}}},"4":{"name":"(anonymous_4)","line":150,"loc":{"start":{"line":150,"column":25},"end":{"line":150,"column":36}}},"5":{"name":"(anonymous_5)","line":154,"loc":{"start":{"line":154,"column":39},"end":{"line":154,"column":55}}},"6":{"name":"(anonymous_6)","line":160,"loc":{"start":{"line":160,"column":26},"end":{"line":160,"column":41}}},"7":{"name":"(anonymous_7)","line":165,"loc":{"start":{"line":165,"column":37},"end":{"line":165,"column":49}}},"8":{"name":"(anonymous_8)","line":166,"loc":{"start":{"line":166,"column":35},"end":{"line":166,"column":47}}},"9":{"name":"(anonymous_9)","line":167,"loc":{"start":{"line":167,"column":47},"end":{"line":167,"column":59}}},"10":{"name":"(anonymous_10)","line":168,"loc":{"start":{"line":168,"column":43},"end":{"line":168,"column":55}}},"11":{"name":"(anonymous_11)","line":169,"loc":{"start":{"line":169,"column":39},"end":{"line":169,"column":51}}},"12":{"name":"(anonymous_12)","line":170,"loc":{"start":{"line":170,"column":38},"end":{"line":170,"column":50}}},"13":{"name":"(anonymous_13)","line":171,"loc":{"start":{"line":171,"column":46},"end":{"line":171,"column":58}}},"14":{"name":"(anonymous_14)","line":172,"loc":{"start":{"line":172,"column":46},"end":{"line":172,"column":58}}},"15":{"name":"(anonymous_15)","line":173,"loc":{"start":{"line":173,"column":31},"end":{"line":173,"column":43}}},"16":{"name":"(anonymous_16)","line":174,"loc":{"start":{"line":174,"column":42},"end":{"line":174,"column":54}}},"17":{"name":"(anonymous_17)","line":175,"loc":{"start":{"line":175,"column":32},"end":{"line":175,"column":44}}},"18":{"name":"(anonymous_18)","line":176,"loc":{"start":{"line":176,"column":35},"end":{"line":176,"column":47}}},"19":{"name":"(anonymous_19)","line":177,"loc":{"start":{"line":177,"column":29},"end":{"line":177,"column":41}}},"20":{"name":"(anonymous_20)","line":178,"loc":{"start":{"line":178,"column":36},"end":{"line":178,"column":48}}},"21":{"name":"(anonymous_21)","line":179,"loc":{"start":{"line":179,"column":31},"end":{"line":179,"column":43}}},"22":{"name":"(anonymous_22)","line":180,"loc":{"start":{"line":180,"column":43},"end":{"line":180,"column":55}}},"23":{"name":"(anonymous_23)","line":181,"loc":{"start":{"line":181,"column":34},"end":{"line":181,"column":46}}},"24":{"name":"(anonymous_24)","line":185,"loc":{"start":{"line":185,"column":53},"end":{"line":185,"column":64}}},"25":{"name":"(anonymous_25)","line":193,"loc":{"start":{"line":193,"column":31},"end":{"line":193,"column":47}}},"26":{"name":"(anonymous_26)","line":200,"loc":{"start":{"line":200,"column":46},"end":{"line":200,"column":59}}},"27":{"name":"(anonymous_27)","line":202,"loc":{"start":{"line":202,"column":15},"end":{"line":202,"column":29}}},"28":{"name":"handleExit","line":208,"loc":{"start":{"line":208,"column":0},"end":{"line":208,"column":39}}},"29":{"name":"endInstance","line":221,"loc":{"start":{"line":221,"column":0},"end":{"line":221,"column":46}}},"30":{"name":"attachToProcess","line":243,"loc":{"start":{"line":243,"column":0},"end":{"line":243,"column":35}}},"31":{"name":"detachFromProcess","line":254,"loc":{"start":{"line":254,"column":0},"end":{"line":254,"column":37}}},"32":{"name":"(anonymous_32)","line":290,"loc":{"start":{"line":290,"column":29},"end":{"line":290,"column":53}}},"33":{"name":"(anonymous_33)","line":304,"loc":{"start":{"line":304,"column":27},"end":{"line":304,"column":50}}},"34":{"name":"(anonymous_34)","line":313,"loc":{"start":{"line":313,"column":13},"end":{"line":313,"column":26}}},"35":{"name":"(anonymous_35)","line":323,"loc":{"start":{"line":323,"column":26},"end":{"line":323,"column":39}}},"36":{"name":"next","line":334,"loc":{"start":{"line":334,"column":2},"end":{"line":334,"column":27}}},"37":{"name":"after","line":344,"loc":{"start":{"line":344,"column":2},"end":{"line":344,"column":28}}},"38":{"name":"done","line":355,"loc":{"start":{"line":355,"column":2},"end":{"line":355,"column":19}}},"39":{"name":"(anonymous_39)","line":375,"loc":{"start":{"line":375,"column":35},"end":{"line":375,"column":57}}},"40":{"name":"(anonymous_40)","line":388,"loc":{"start":{"line":388,"column":30},"end":{"line":388,"column":49}}},"41":{"name":"(anonymous_41)","line":397,"loc":{"start":{"line":397,"column":26},"end":{"line":397,"column":41}}},"42":{"name":"(anonymous_42)","line":415,"loc":{"start":{"line":415,"column":27},"end":{"line":415,"column":50}}},"43":{"name":"(anonymous_43)","line":442,"loc":{"start":{"line":442,"column":25},"end":{"line":442,"column":50}}},"44":{"name":"(anonymous_44)","line":443,"loc":{"start":{"line":443,"column":13},"end":{"line":443,"column":27}}},"45":{"name":"(anonymous_45)","line":454,"loc":{"start":{"line":454,"column":27},"end":{"line":454,"column":52}}},"46":{"name":"(anonymous_46)","line":455,"loc":{"start":{"line":455,"column":13},"end":{"line":455,"column":27}}},"47":{"name":"(anonymous_47)","line":466,"loc":{"start":{"line":466,"column":37},"end":{"line":466,"column":62}}},"48":{"name":"(anonymous_48)","line":475,"loc":{"start":{"line":475,"column":28},"end":{"line":475,"column":43}}},"49":{"name":"(anonymous_49)","line":487,"loc":{"start":{"line":487,"column":27},"end":{"line":487,"column":53}}},"50":{"name":"(anonymous_50)","line":490,"loc":{"start":{"line":490,"column":34},"end":{"line":490,"column":62}}},"51":{"name":"(anonymous_51)","line":492,"loc":{"start":{"line":492,"column":13},"end":{"line":492,"column":35}}},"52":{"name":"(anonymous_52)","line":504,"loc":{"start":{"line":504,"column":28},"end":{"line":504,"column":45}}},"53":{"name":"(anonymous_53)","line":513,"loc":{"start":{"line":513,"column":26},"end":{"line":513,"column":39}}},"54":{"name":"queued","line":519,"loc":{"start":{"line":519,"column":0},"end":{"line":519,"column":27}}},"55":{"name":"action","line":520,"loc":{"start":{"line":520,"column":9},"end":{"line":520,"column":28}}},"56":{"name":"(anonymous_56)","line":537,"loc":{"start":{"line":537,"column":19},"end":{"line":537,"column":30}}},"57":{"name":"(anonymous_57)","line":557,"loc":{"start":{"line":557,"column":34},"end":{"line":557,"column":45}}},"58":{"name":"(anonymous_58)","line":559,"loc":{"start":{"line":559,"column":37},"end":{"line":559,"column":57}}},"59":{"name":"(anonymous_59)","line":582,"loc":{"start":{"line":582,"column":29},"end":{"line":582,"column":45}}}},"statementMap":{"1":{"start":{"line":5,"column":0},"end":{"line":5,"column":44}},"2":{"start":{"line":6,"column":0},"end":{"line":6,"column":42}},"3":{"start":{"line":7,"column":0},"end":{"line":10,"column":2}},"4":{"start":{"line":16,"column":0},"end":{"line":16,"column":48}},"5":{"start":{"line":17,"column":0},"end":{"line":17,"column":40}},"6":{"start":{"line":18,"column":0},"end":{"line":18,"column":36}},"7":{"start":{"line":19,"column":0},"end":{"line":19,"column":35}},"8":{"start":{"line":20,"column":0},"end":{"line":20,"column":27}},"9":{"start":{"line":21,"column":0},"end":{"line":21,"column":31}},"10":{"start":{"line":22,"column":0},"end":{"line":22,"column":29}},"11":{"start":{"line":23,"column":0},"end":{"line":23,"column":27}},"12":{"start":{"line":24,"column":0},"end":{"line":24,"column":31}},"13":{"start":{"line":25,"column":0},"end":{"line":25,"column":35}},"14":{"start":{"line":26,"column":0},"end":{"line":26,"column":25}},"15":{"start":{"line":27,"column":0},"end":{"line":27,"column":23}},"16":{"start":{"line":30,"column":0},"end":{"line":30,"column":39}},"17":{"start":{"line":32,"column":0},"end":{"line":32,"column":39}},"18":{"start":{"line":34,"column":0},"end":{"line":34,"column":34}},"19":{"start":{"line":36,"column":0},"end":{"line":36,"column":34}},"20":{"start":{"line":38,"column":0},"end":{"line":38,"column":27}},"21":{"start":{"line":40,"column":0},"end":{"line":40,"column":43}},"22":{"start":{"line":42,"column":0},"end":{"line":42,"column":48}},"23":{"start":{"line":44,"column":0},"end":{"line":44,"column":38}},"24":{"start":{"line":50,"column":0},"end":{"line":50,"column":27}},"25":{"start":{"line":56,"column":0},"end":{"line":56,"column":47}},"26":{"start":{"line":62,"column":0},"end":{"line":62,"column":39}},"27":{"start":{"line":70,"column":0},"end":{"line":206,"column":1}},"28":{"start":{"line":71,"column":2},"end":{"line":71,"column":66}},"29":{"start":{"line":71,"column":36},"end":{"line":71,"column":66}},"30":{"start":{"line":72,"column":2},"end":{"line":72,"column":26}},"31":{"start":{"line":73,"column":2},"end":{"line":73,"column":24}},"32":{"start":{"line":74,"column":2},"end":{"line":74,"column":18}},"33":{"start":{"line":76,"column":2},"end":{"line":76,"column":68}},"34":{"start":{"line":77,"column":2},"end":{"line":77,"column":68}},"35":{"start":{"line":78,"column":2},"end":{"line":78,"column":71}},"36":{"start":{"line":80,"column":2},"end":{"line":80,"column":71}},"37":{"start":{"line":81,"column":2},"end":{"line":81,"column":83}},"38":{"start":{"line":82,"column":2},"end":{"line":82,"column":56}},"39":{"start":{"line":87,"column":2},"end":{"line":87,"column":139}},"40":{"start":{"line":89,"column":2},"end":{"line":89,"column":68}},"41":{"start":{"line":91,"column":2},"end":{"line":91,"column":67}},"42":{"start":{"line":93,"column":2},"end":{"line":95,"column":3}},"43":{"start":{"line":94,"column":4},"end":{"line":94,"column":39}},"44":{"start":{"line":97,"column":2},"end":{"line":99,"column":3}},"45":{"start":{"line":98,"column":4},"end":{"line":98,"column":45}},"46":{"start":{"line":100,"column":2},"end":{"line":100,"column":70}},"47":{"start":{"line":102,"column":2},"end":{"line":102,"column":49}},"48":{"start":{"line":103,"column":2},"end":{"line":105,"column":3}},"49":{"start":{"line":104,"column":4},"end":{"line":104,"column":117}},"50":{"start":{"line":107,"column":2},"end":{"line":107,"column":44}},"51":{"start":{"line":109,"column":2},"end":{"line":109,"column":24}},"52":{"start":{"line":112,"column":2},"end":{"line":112,"column":25}},"53":{"start":{"line":113,"column":2},"end":{"line":113,"column":23}},"54":{"start":{"line":114,"column":2},"end":{"line":114,"column":22}},"55":{"start":{"line":115,"column":2},"end":{"line":115,"column":21}},"56":{"start":{"line":116,"column":2},"end":{"line":116,"column":19}},"57":{"start":{"line":117,"column":2},"end":{"line":117,"column":21}},"58":{"start":{"line":118,"column":2},"end":{"line":118,"column":25}},"59":{"start":{"line":120,"column":2},"end":{"line":120,"column":33}},"60":{"start":{"line":121,"column":2},"end":{"line":190,"column":5}},"61":{"start":{"line":123,"column":4},"end":{"line":126,"column":7}},"62":{"start":{"line":128,"column":4},"end":{"line":130,"column":7}},"63":{"start":{"line":129,"column":6},"end":{"line":129,"column":31}},"64":{"start":{"line":132,"column":4},"end":{"line":134,"column":7}},"65":{"start":{"line":133,"column":6},"end":{"line":133,"column":31}},"66":{"start":{"line":136,"column":4},"end":{"line":140,"column":7}},"67":{"start":{"line":137,"column":6},"end":{"line":139,"column":7}},"68":{"start":{"line":138,"column":8},"end":{"line":138,"column":37}},"69":{"start":{"line":142,"column":4},"end":{"line":142,"column":34}},"70":{"start":{"line":144,"column":4},"end":{"line":147,"column":7}},"71":{"start":{"line":145,"column":6},"end":{"line":145,"column":29}},"72":{"start":{"line":146,"column":6},"end":{"line":146,"column":21}},"73":{"start":{"line":150,"column":4},"end":{"line":152,"column":7}},"74":{"start":{"line":151,"column":6},"end":{"line":151,"column":32}},"75":{"start":{"line":154,"column":4},"end":{"line":158,"column":7}},"76":{"start":{"line":155,"column":6},"end":{"line":155,"column":92}},"77":{"start":{"line":156,"column":6},"end":{"line":156,"column":30}},"78":{"start":{"line":157,"column":6},"end":{"line":157,"column":22}},"79":{"start":{"line":160,"column":4},"end":{"line":162,"column":7}},"80":{"start":{"line":161,"column":6},"end":{"line":161,"column":69}},"81":{"start":{"line":165,"column":4},"end":{"line":165,"column":133}},"82":{"start":{"line":165,"column":51},"end":{"line":165,"column":129}},"83":{"start":{"line":166,"column":4},"end":{"line":166,"column":129}},"84":{"start":{"line":166,"column":49},"end":{"line":166,"column":125}},"85":{"start":{"line":167,"column":4},"end":{"line":167,"column":153}},"86":{"start":{"line":167,"column":61},"end":{"line":167,"column":149}},"87":{"start":{"line":168,"column":4},"end":{"line":168,"column":145}},"88":{"start":{"line":168,"column":57},"end":{"line":168,"column":141}},"89":{"start":{"line":169,"column":4},"end":{"line":169,"column":137}},"90":{"start":{"line":169,"column":53},"end":{"line":169,"column":133}},"91":{"start":{"line":170,"column":4},"end":{"line":170,"column":135}},"92":{"start":{"line":170,"column":52},"end":{"line":170,"column":131}},"93":{"start":{"line":171,"column":4},"end":{"line":171,"column":151}},"94":{"start":{"line":171,"column":60},"end":{"line":171,"column":147}},"95":{"start":{"line":172,"column":4},"end":{"line":172,"column":151}},"96":{"start":{"line":172,"column":60},"end":{"line":172,"column":147}},"97":{"start":{"line":173,"column":4},"end":{"line":173,"column":121}},"98":{"start":{"line":173,"column":45},"end":{"line":173,"column":117}},"99":{"start":{"line":174,"column":4},"end":{"line":174,"column":143}},"100":{"start":{"line":174,"column":56},"end":{"line":174,"column":139}},"101":{"start":{"line":175,"column":4},"end":{"line":175,"column":123}},"102":{"start":{"line":175,"column":46},"end":{"line":175,"column":119}},"103":{"start":{"line":176,"column":4},"end":{"line":176,"column":129}},"104":{"start":{"line":176,"column":49},"end":{"line":176,"column":125}},"105":{"start":{"line":177,"column":4},"end":{"line":177,"column":117}},"106":{"start":{"line":177,"column":43},"end":{"line":177,"column":113}},"107":{"start":{"line":178,"column":4},"end":{"line":178,"column":131}},"108":{"start":{"line":178,"column":50},"end":{"line":178,"column":127}},"109":{"start":{"line":179,"column":4},"end":{"line":179,"column":121}},"110":{"start":{"line":179,"column":45},"end":{"line":179,"column":117}},"111":{"start":{"line":180,"column":4},"end":{"line":180,"column":145}},"112":{"start":{"line":180,"column":57},"end":{"line":180,"column":141}},"113":{"start":{"line":181,"column":4},"end":{"line":181,"column":127}},"114":{"start":{"line":181,"column":48},"end":{"line":181,"column":123}},"115":{"start":{"line":183,"column":4},"end":{"line":189,"column":7}},"116":{"start":{"line":184,"column":6},"end":{"line":184,"column":37}},"117":{"start":{"line":185,"column":6},"end":{"line":188,"column":9}},"118":{"start":{"line":186,"column":8},"end":{"line":186,"column":29}},"119":{"start":{"line":187,"column":8},"end":{"line":187,"column":15}},"120":{"start":{"line":193,"column":2},"end":{"line":197,"column":10}},"121":{"start":{"line":194,"column":4},"end":{"line":196,"column":5}},"122":{"start":{"line":195,"column":6},"end":{"line":195,"column":31}},"123":{"start":{"line":200,"column":2},"end":{"line":205,"column":11}},"124":{"start":{"line":201,"column":4},"end":{"line":201,"column":58}},"125":{"start":{"line":202,"column":4},"end":{"line":204,"column":7}},"126":{"start":{"line":203,"column":6},"end":{"line":203,"column":80}},"127":{"start":{"line":208,"column":0},"end":{"line":219,"column":1}},"128":{"start":{"line":209,"column":2},"end":{"line":214,"column":4}},"129":{"start":{"line":216,"column":2},"end":{"line":216,"column":79}},"130":{"start":{"line":217,"column":2},"end":{"line":217,"column":37}},"131":{"start":{"line":218,"column":2},"end":{"line":218,"column":7}},"132":{"start":{"line":221,"column":0},"end":{"line":238,"column":1}},"133":{"start":{"line":222,"column":2},"end":{"line":222,"column":24}},"134":{"start":{"line":223,"column":2},"end":{"line":223,"column":30}},"135":{"start":{"line":224,"column":2},"end":{"line":237,"column":3}},"136":{"start":{"line":225,"column":4},"end":{"line":227,"column":7}},"137":{"start":{"line":226,"column":6},"end":{"line":226,"column":37}},"138":{"start":{"line":228,"column":4},"end":{"line":233,"column":7}},"139":{"start":{"line":229,"column":6},"end":{"line":229,"column":42}},"140":{"start":{"line":230,"column":6},"end":{"line":232,"column":7}},"141":{"start":{"line":231,"column":8},"end":{"line":231,"column":37}},"142":{"start":{"line":235,"column":4},"end":{"line":235,"column":68}},"143":{"start":{"line":236,"column":4},"end":{"line":236,"column":9}},"144":{"start":{"line":243,"column":0},"end":{"line":252,"column":1}},"145":{"start":{"line":244,"column":2},"end":{"line":244,"column":60}},"146":{"start":{"line":245,"column":2},"end":{"line":245,"column":36}},"147":{"start":{"line":246,"column":2},"end":{"line":246,"column":39}},"148":{"start":{"line":247,"column":2},"end":{"line":247,"column":41}},"149":{"start":{"line":248,"column":2},"end":{"line":248,"column":42}},"150":{"start":{"line":249,"column":2},"end":{"line":249,"column":42}},"151":{"start":{"line":250,"column":2},"end":{"line":250,"column":41}},"152":{"start":{"line":251,"column":2},"end":{"line":251,"column":43}},"153":{"start":{"line":254,"column":0},"end":{"line":261,"column":1}},"154":{"start":{"line":255,"column":2},"end":{"line":255,"column":51}},"155":{"start":{"line":256,"column":2},"end":{"line":256,"column":53}},"156":{"start":{"line":257,"column":2},"end":{"line":257,"column":54}},"157":{"start":{"line":258,"column":2},"end":{"line":258,"column":54}},"158":{"start":{"line":259,"column":2},"end":{"line":259,"column":53}},"159":{"start":{"line":260,"column":2},"end":{"line":260,"column":55}},"160":{"start":{"line":267,"column":0},"end":{"line":267,"column":26}},"161":{"start":{"line":273,"column":0},"end":{"line":273,"column":28}},"162":{"start":{"line":278,"column":0},"end":{"line":278,"column":83}},"163":{"start":{"line":284,"column":0},"end":{"line":284,"column":28}},"164":{"start":{"line":290,"column":0},"end":{"line":298,"column":2}},"165":{"start":{"line":291,"column":2},"end":{"line":295,"column":3}},"166":{"start":{"line":292,"column":4},"end":{"line":292,"column":34}},"167":{"start":{"line":294,"column":4},"end":{"line":294,"column":33}},"168":{"start":{"line":297,"column":2},"end":{"line":297,"column":14}},"169":{"start":{"line":304,"column":0},"end":{"line":317,"column":2}},"170":{"start":{"line":305,"column":2},"end":{"line":305,"column":46}},"171":{"start":{"line":306,"column":2},"end":{"line":306,"column":18}},"172":{"start":{"line":308,"column":2},"end":{"line":308,"column":26}},"173":{"start":{"line":309,"column":2},"end":{"line":311,"column":3}},"174":{"start":{"line":310,"column":4},"end":{"line":310,"column":54}},"175":{"start":{"line":313,"column":2},"end":{"line":315,"column":5}},"176":{"start":{"line":314,"column":4},"end":{"line":314,"column":72}},"177":{"start":{"line":316,"column":2},"end":{"line":316,"column":14}},"178":{"start":{"line":323,"column":0},"end":{"line":365,"column":2}},"179":{"start":{"line":324,"column":2},"end":{"line":324,"column":18}},"180":{"start":{"line":325,"column":2},"end":{"line":325,"column":27}},"181":{"start":{"line":326,"column":2},"end":{"line":326,"column":22}},"182":{"start":{"line":327,"column":2},"end":{"line":327,"column":19}},"183":{"start":{"line":328,"column":2},"end":{"line":328,"column":18}},"184":{"start":{"line":331,"column":2},"end":{"line":331,"column":9}},"185":{"start":{"line":334,"column":2},"end":{"line":342,"column":3}},"186":{"start":{"line":335,"column":4},"end":{"line":335,"column":29}},"187":{"start":{"line":337,"column":4},"end":{"line":337,"column":57}},"188":{"start":{"line":337,"column":22},"end":{"line":337,"column":57}},"189":{"start":{"line":338,"column":4},"end":{"line":338,"column":29}},"190":{"start":{"line":339,"column":4},"end":{"line":339,"column":25}},"191":{"start":{"line":340,"column":4},"end":{"line":340,"column":27}},"192":{"start":{"line":341,"column":4},"end":{"line":341,"column":29}},"193":{"start":{"line":344,"column":2},"end":{"line":353,"column":3}},"194":{"start":{"line":345,"column":4},"end":{"line":345,"column":26}},"195":{"start":{"line":346,"column":4},"end":{"line":346,"column":33}},"196":{"start":{"line":348,"column":4},"end":{"line":352,"column":5}},"197":{"start":{"line":349,"column":6},"end":{"line":349,"column":64}},"198":{"start":{"line":349,"column":40},"end":{"line":349,"column":62}},"199":{"start":{"line":351,"column":6},"end":{"line":351,"column":29}},"200":{"start":{"line":355,"column":2},"end":{"line":362,"column":3}},"201":{"start":{"line":356,"column":4},"end":{"line":356,"column":29}},"202":{"start":{"line":357,"column":4},"end":{"line":357,"column":25}},"203":{"start":{"line":358,"column":4},"end":{"line":360,"column":5}},"204":{"start":{"line":359,"column":6},"end":{"line":359,"column":63}},"205":{"start":{"line":359,"column":37},"end":{"line":359,"column":61}},"206":{"start":{"line":361,"column":4},"end":{"line":361,"column":36}},"207":{"start":{"line":364,"column":2},"end":{"line":364,"column":14}},"208":{"start":{"line":375,"column":0},"end":{"line":382,"column":2}},"209":{"start":{"line":376,"column":2},"end":{"line":378,"column":5}},"210":{"start":{"line":377,"column":4},"end":{"line":377,"column":43}},"211":{"start":{"line":379,"column":2},"end":{"line":379,"column":67}},"212":{"start":{"line":380,"column":2},"end":{"line":380,"column":46}},"213":{"start":{"line":381,"column":2},"end":{"line":381,"column":14}},"214":{"start":{"line":388,"column":0},"end":{"line":391,"column":2}},"215":{"start":{"line":389,"column":2},"end":{"line":389,"column":68}},"216":{"start":{"line":390,"column":2},"end":{"line":390,"column":14}},"217":{"start":{"line":397,"column":0},"end":{"line":405,"column":2}},"218":{"start":{"line":398,"column":2},"end":{"line":398,"column":21}},"219":{"start":{"line":400,"column":2},"end":{"line":402,"column":3}},"220":{"start":{"line":401,"column":4},"end":{"line":401,"column":27}},"221":{"start":{"line":404,"column":2},"end":{"line":404,"column":14}},"222":{"start":{"line":415,"column":0},"end":{"line":436,"column":2}},"223":{"start":{"line":416,"column":2},"end":{"line":416,"column":21}},"224":{"start":{"line":417,"column":2},"end":{"line":417,"column":27}},"225":{"start":{"line":418,"column":2},"end":{"line":418,"column":18}},"226":{"start":{"line":419,"column":2},"end":{"line":433,"column":3}},"227":{"start":{"line":420,"column":4},"end":{"line":420,"column":24}},"228":{"start":{"line":421,"column":4},"end":{"line":423,"column":5}},"229":{"start":{"line":422,"column":6},"end":{"line":422,"column":30}},"230":{"start":{"line":424,"column":4},"end":{"line":424,"column":47}},"231":{"start":{"line":425,"column":4},"end":{"line":427,"column":5}},"232":{"start":{"line":426,"column":6},"end":{"line":426,"column":63}},"233":{"start":{"line":428,"column":4},"end":{"line":428,"column":24}},"234":{"start":{"line":429,"column":4},"end":{"line":431,"column":5}},"235":{"start":{"line":430,"column":6},"end":{"line":430,"column":22}},"236":{"start":{"line":432,"column":4},"end":{"line":432,"column":38}},"237":{"start":{"line":435,"column":2},"end":{"line":435,"column":14}},"238":{"start":{"line":442,"column":0},"end":{"line":448,"column":2}},"239":{"start":{"line":443,"column":2},"end":{"line":446,"column":5}},"240":{"start":{"line":444,"column":4},"end":{"line":444,"column":34}},"241":{"start":{"line":445,"column":4},"end":{"line":445,"column":11}},"242":{"start":{"line":447,"column":2},"end":{"line":447,"column":14}},"243":{"start":{"line":454,"column":0},"end":{"line":460,"column":2}},"244":{"start":{"line":455,"column":2},"end":{"line":458,"column":4}},"245":{"start":{"line":456,"column":4},"end":{"line":456,"column":36}},"246":{"start":{"line":457,"column":4},"end":{"line":457,"column":11}},"247":{"start":{"line":459,"column":2},"end":{"line":459,"column":14}},"248":{"start":{"line":466,"column":0},"end":{"line":469,"column":2}},"249":{"start":{"line":467,"column":2},"end":{"line":467,"column":44}},"250":{"start":{"line":468,"column":2},"end":{"line":468,"column":14}},"251":{"start":{"line":475,"column":0},"end":{"line":480,"column":2}},"252":{"start":{"line":476,"column":2},"end":{"line":476,"column":44}},"253":{"start":{"line":476,"column":25},"end":{"line":476,"column":44}},"254":{"start":{"line":477,"column":2},"end":{"line":477,"column":31}},"255":{"start":{"line":478,"column":2},"end":{"line":478,"column":22}},"256":{"start":{"line":479,"column":2},"end":{"line":479,"column":31}},"257":{"start":{"line":487,"column":0},"end":{"line":498,"column":2}},"258":{"start":{"line":488,"column":2},"end":{"line":488,"column":18}},"259":{"start":{"line":490,"column":2},"end":{"line":497,"column":25}},"260":{"start":{"line":491,"column":4},"end":{"line":491,"column":40}},"261":{"start":{"line":492,"column":4},"end":{"line":495,"column":6}},"262":{"start":{"line":493,"column":6},"end":{"line":494,"column":27}},"263":{"start":{"line":493,"column":15},"end":{"line":493,"column":28}},"264":{"start":{"line":494,"column":11},"end":{"line":494,"column":27}},"265":{"start":{"line":504,"column":0},"end":{"line":507,"column":2}},"266":{"start":{"line":505,"column":2},"end":{"line":505,"column":37}},"267":{"start":{"line":506,"column":2},"end":{"line":506,"column":38}},"268":{"start":{"line":513,"column":0},"end":{"line":516,"column":2}},"269":{"start":{"line":514,"column":2},"end":{"line":514,"column":10}},"270":{"start":{"line":515,"column":2},"end":{"line":515,"column":13}},"271":{"start":{"line":519,"column":0},"end":{"line":526,"column":1}},"272":{"start":{"line":520,"column":2},"end":{"line":525,"column":3}},"273":{"start":{"line":521,"column":4},"end":{"line":521,"column":44}},"274":{"start":{"line":522,"column":4},"end":{"line":522,"column":40}},"275":{"start":{"line":523,"column":4},"end":{"line":523,"column":33}},"276":{"start":{"line":524,"column":4},"end":{"line":524,"column":16}},"277":{"start":{"line":537,"column":0},"end":{"line":576,"column":1}},"278":{"start":{"line":538,"column":2},"end":{"line":538,"column":45}},"279":{"start":{"line":539,"column":2},"end":{"line":544,"column":3}},"280":{"start":{"line":540,"column":4},"end":{"line":540,"column":28}},"281":{"start":{"line":542,"column":4},"end":{"line":542,"column":28}},"282":{"start":{"line":543,"column":4},"end":{"line":543,"column":27}},"283":{"start":{"line":550,"column":2},"end":{"line":565,"column":3}},"284":{"start":{"line":551,"column":4},"end":{"line":564,"column":5}},"285":{"start":{"line":552,"column":6},"end":{"line":552,"column":57}},"286":{"start":{"line":554,"column":6},"end":{"line":556,"column":7}},"287":{"start":{"line":555,"column":8},"end":{"line":555,"column":40}},"288":{"start":{"line":557,"column":6},"end":{"line":563,"column":7}},"289":{"start":{"line":558,"column":8},"end":{"line":558,"column":24}},"290":{"start":{"line":559,"column":8},"end":{"line":562,"column":15}},"291":{"start":{"line":560,"column":10},"end":{"line":560,"column":59}},"292":{"start":{"line":561,"column":8},"end":{"line":561,"column":19}},"293":{"start":{"line":567,"column":2},"end":{"line":575,"column":3}},"294":{"start":{"line":568,"column":4},"end":{"line":574,"column":5}},"295":{"start":{"line":569,"column":5},"end":{"line":569,"column":44}},"296":{"start":{"line":571,"column":6},"end":{"line":573,"column":7}},"297":{"start":{"line":572,"column":8},"end":{"line":572,"column":55}},"298":{"start":{"line":582,"column":0},"end":{"line":585,"column":3}},"299":{"start":{"line":583,"column":2},"end":{"line":583,"column":25}},"300":{"start":{"line":584,"column":2},"end":{"line":584,"column":29}}},"branchMap":{"1":{"line":71,"type":"if","locations":[{"start":{"line":71,"column":2},"end":{"line":71,"column":2}},{"start":{"line":71,"column":2},"end":{"line":71,"column":2}}]},"2":{"line":72,"type":"binary-expr","locations":[{"start":{"line":72,"column":12},"end":{"line":72,"column":19}},{"start":{"line":72,"column":23},"end":{"line":72,"column":25}}]},"3":{"line":76,"type":"binary-expr","locations":[{"start":{"line":76,"column":24},"end":{"line":76,"column":43}},{"start":{"line":76,"column":47},"end":{"line":76,"column":67}}]},"4":{"line":77,"type":"binary-expr","locations":[{"start":{"line":77,"column":24},"end":{"line":77,"column":43}},{"start":{"line":77,"column":47},"end":{"line":77,"column":67}}]},"5":{"line":78,"type":"binary-expr","locations":[{"start":{"line":78,"column":25},"end
[...]
veType === 'function' && !done) {","    done = saveType;","    saveType = undefined;","  }","  this.child.call('html', path, saveType, function (error) {","    if (error) debug(error);","    done(error);","  });","}","","/**"," * Take a pdf."," *"," * @param {String} path"," * @param {Function} done"," */","","exports.pdf = function (path, options, done) {","  debug('.pdf()');","  if (typeof path === 'function' && !options && !done) {","    done = path;","    options = undefined;","    path = undefined;","  } else if (typeof path === 'object' && typeof options === 'function' && !done){","    done = options;","    options = path;","    path = undefined;","  } else if (typeof options === 'function' && !done) {","    done = options;","    options = undefined;","  }","  this.child.call('pdf', path, options, function (error, pdf) {","    if (error) debug(error);","    var buf = new Buffer(pdf.data);","    debug('.pdf() captured with length %s', buf.length);","    path ? fs.writeFile(path, buf, done) : done(null, buf);","  });","};","","/**"," * Get and set cookies"," *"," * @param {String} name"," * @param {Mixed} value (optional)"," * @param {Function} done"," */","","exports.cookies = {};","","/**"," * Get a cookie"," */","","exports.cookies.get = function (name, done) {","  debug('cookies.get()')","  var query = {}","","  switch (arguments.length) {","    case 2:","      query = typeof name === 'string'","        ? { name: name }","        : name","      break;","    case 1:","      done = name","      break;","  }","","  this.child.call('cookie.get', query, done);","};","","/**"," * Set a cookie"," */","","exports.cookies.set = function (name, value, done) {","  debug('cookies.set()')","  var cookies = []","","  switch (arguments.length) {","    case 3:","      cookies.push({","        name: name,","        value: value","      })","      break;","    case 2:","      cookies = [].concat(name)","      done = value","      break;","    case 1:","      done = name","      break;","  }","","  this.child.call('cookie.set', cookies, done);","};","","/**"," * Clear a cookie"," */","","exports.cookies.clear = function (name, done) {","  debug('cookies.clear()')","  var cookies = []","","  switch (arguments.length) {","    case 2:","      cookies = [].concat(name);","      break;","    case 1:","      done = name;","      break;","  }","","  this.child.call('cookie.clear', cookies, done);","};","","/**"," * Clear all cookies"," */","","exports.cookies.clearAll = function(done){","  this.child.call('cookie.clearAll', done);","};","","/**"," * Authentication"," */",""," exports.authentication = function (login, password, done) {","   debug('.authentication()');","   this.child.call('authentication', login, password, done);"," };",""],"l":{"5":1,"6":1,"7":1,"8":1,"9":1,"10":1,"11":1,"17":1,"18":0,"19":0,"28":1,"29":0,"30":0,"31":0,"41":1,"42":0,"43":0,"44":0,"54":1,"55":0,"56":0,"57":0,"68":1,"69":0,"70":0,"71":0,"72":0,"73":0,"84":1,"85":0,"86":0,"87":0,"98":1,"99":0,"100":0,"101":0,"102":0,"103":0,"104":0,"106":0,"107":0,"108":0,"119":1,"120":0,"121":0,"122":0,"123":0,"124":0,"126":0,"127":0,"128":0,"139":1,"140":0,"141":0,"142":0,"143":0,"144":0,"146":0,"147":0,"148":0,"159":1,"160":0,"161":0,"162":0,"163":0,"164":0,"166":0,"167":0,"168":0,"177":1,"178":0,"179":0,"183":1,"184":0,"187":0,"188":0,"189":0,"202":1,"203":0,"204":0,"205":0,"207":0,"208":0,"211":0,"212":0,"214":0,"215":0,"216":0,"217":0,"220":0,"221":0,"222":0,"223":0,"226":0,"239":1,"240":0,"241":0,"242":0,"245":0,"246":0,"248":0,"249":0,"250":0,"251":0,"254":0,"255":0,"256":0,"257":0,"260":0,"272":1,"273":0,"274":0,"275":0,"276":0,"277":0,"278":0,"279":0,"290":1,"291":0,"292":0,"293":0,"294":0,"295":0,"296":0,"297":0,"311":1,"312":0,"313":0,"314":0,"315":0,"316":0,"317":0,"318":0,"328":1,"329":0,"330":0,"331":0,"341":1,"342":0,"343":0,"344":0,"354":1,"355":0,"356":0,"357":0,"367":1,"368":0,"369":0,"370":0,"371":0,"372":0,"375":0,"376":0,"377":0,"378":0,"379":0,"381":0,"382":0,"386":0,"387":0,"388":0,"389":0,"391":0,"392":0,"394":0,"395":0,"396":0,"397":0,"400":0,"411":1,"412":0,"423":1,"424":0,"425":0,"429":0,"441":1,"442":0,"443":0,"444":0,"445":0,"447":0,"448":0,"450":0,"451":0,"452":0,"453":0,"455":0,"457":1,"458":0,"459":0,"460":0,"461":0,"462":0,"466":0,"467":0,"468":0,"469":0,"470":0,"471":0,"472":0,"473":0,"474":0,"477":0,"478":0,"482":0,"483":0,"495":1,"496":0,"497":0,"498":0,"499":0,"500":0,"501":0,"503":0,"504":0,"505":0,"507":0,"508":0,"509":0,"511":0,"522":1,"523":0,"524":0,"525":0,"526":0,"528":0,"529":0,"530":0,"533":0,"534":0,"546":1,"547":0,"548":0,"558":1,"559":0,"560":0,"571":1,"572":0,"573":0,"574":0,"586":1,"587":0,"588":0,"589":0,"590":0,"591":0,"592":0,"593":0,"594":0,"595":0,"597":0,"598":0,"599":0,"600":0,"612":1,"613":0,"614":0,"615":0,"616":0,"617":0,"618":0,"619":0,"620":0,"621":0,"622":0,"623":0,"624":0,"626":0,"627":0,"628":0,"639":1,"640":0,"641":0,"642":0,"643":0,"644":0,"645":0,"646":0,"647":0,"648":0,"649":0,"650":0,"651":0,"653":0,"654":0,"655":0,"656":0,"657":0,"669":1,"675":1,"676":0,"677":0,"679":0,"681":0,"684":0,"686":0,"687":0,"690":0,"697":1,"698":0,"699":0,"701":0,"703":0,"707":0,"709":0,"710":0,"711":0,"713":0,"714":0,"717":0,"724":1,"725":0,"726":0,"728":0,"730":0,"731":0,"733":0,"734":0,"737":0,"744":1,"745":0,"752":1,"753":0,"754":0}},"/home/travis/build/npmtest/node-npmtest-nightmare/nightmare/lib/ipc.js":{"path":"/home/travis/build/npmtest/node-npmtest-nightmare/nightmare/lib/ipc.js","s":{"1":1,"2":1,"3":1,"4":1,"5":0,"6":0,"7":1,"8":1,"9":1,"10":0,"11":0,"12":0,"13":0,"14":0,"15":0,"16":0,"17":0,"18":0,"19":0,"20":0,"21":0,"22":0,"23":0,"24":0,"25":0,"26":0,"27":0,"28":0,"29":0,"30":0,"31":0,"32":0,"33":0,"34":0,"35":0,"36":0,"37":0,"38":0,"39":0,"40":0,"41":0,"42":0,"43":0,"44":0,"45":0,"46":0,"47":0,"48":0,"49":0,"50":0,"51":0,"52":0,"53":0,"54":0,"55":0,"56":0,"57":0,"58":0,"59":0,"60":0},"b":{"1":[0,1],"2":[0,0],"3":[0,0],"4":[0,0],"5":[0,0],"6":[0,0],"7":[0,0],"8":[0,0],"9":[0,0]},"f":{"1":0,"2":0,"3":0,"4":0,"5":0,"6":0,"7":0,"8":0,"9":0,"10":0,"11":0},"fnMap":{"1":{"name":"(anonymous_1)","line":13,"loc":{"start":{"line":13,"column":10},"end":{"line":13,"column":21}}},"2":{"name":"IPC","line":29,"loc":{"start":{"line":29,"column":0},"end":{"line":29,"column":22}}},"3":{"name":"(anonymous_3)","line":44,"loc":{"start":{"line":44,"column":24},"end":{"line":44,"column":39}}},"4":{"name":"(anonymous_4)","line":52,"loc":{"start":{"line":52,"column":17},"end":{"line":52,"column":28}}},"5":{"name":"(anonymous_5)","line":72,"loc":{"start":{"line":72,"column":17},"end":{"line":72,"column":32}}},"6":{"name":"(anonymous_6)","line":83,"loc":{"start":{"line":83,"column":34},"end":{"line":83,"column":45}}},"7":{"name":"(anonymous_7)","line":87,"loc":{"start":{"line":87,"column":38},"end":{"line":87,"column":49}}},"8":{"name":"(anonymous_8)","line":111,"loc":{"start":{"line":111,"column":22},"end":{"line":111,"column":48}}},"9":{"name":"(anonymous_9)","line":118,"loc":{"start":{"line":118,"column":21},"end":{"line":118,"column":40}}},"10":{"name":"(anonymous_10)","line":121,"loc":{"start":{"line":121,"column":15},"end":{"line":121,"column":26}}},"11":{"name":"(anonymous_11)","line":125,"loc":{"start":{"line":125,"column":20},"end":{"line":125,"column":31}}}},"statementMap":{"1":{"start":{"line":7,"column":0},"end":{"line":7,"column":45}},"2":{"start":{"line":8,"column":0},"end":{"line":8,"column":31}},"3":{"start":{"line":9,"column":0},"end":{"line":9,"column":46}},"4":{"start":{"line":12,"column":0},"end":{"line":16,"column":1}},"5":{"start":{"line":13,"column":2},"end":{"line":15,"column":4}},"6":{"start":{"line":14,"column":4},"end":{"line":14,"column":68}},"7":{"start":{"line":22,"column":0},"end":{"line":22,"column":21}},"8":{"start":{"line":28,"column":0},"end":{"line":28,"column":24}},"9":{"start":{"line":29,"column":0},"end":{"line":141,"column":1}},"10":{"start":{"line":30,"column":2},"end":{"line":32,"column":3}},"11":{"start":{"line":31,"column":4},"end":{"line":31,"column":29}},"12":{"start":{"line":34,"column":2},"end":{"line":34,"column":50}},"13":{"start":{"line":35,"column":2},"end":{"line":35,"column":26}},"14":{"start":{"line":36,"column":2},"end":{"line":36,"column":17}},"15":{"start":{"line":37,"column":2},"end":{"line":37,"column":22}},"16":{"start":{"line":40,"column":2},"end":{"line":42,"column":3}},"17":{"start":{"line":41,"column":4},"end":{"line":41,"column":19}},"18":{"start":{"line":44,"column":2},"end":{"line":50,"column":5}},"19":{"start":{"line":46,"column":4},"end":{"line":48,"column":5}},"20":{"start":{"line":47,"column":6},"end":{"line":47,"column":41}},"21":{"start":{"line":49,"column":4},"end":{"line":49,"column":38}},"22":{"start":{"line":52,"column":2},"end":{"line":56,"column":4}},"23":{"start":{"line":53,"column":4},"end":{"line":55,"column":5}},"24":{"start":{"line":54,"column":6},"end":{"line":54,"column":38}},"25":{"start":{"line":72,"column":2},"end":{"line":99,"column":4}},"26":{"start":{"line":73,"column":4},"end":{"line":73,"column":36}},"27":{"start":{"line":74,"column":4},"end":{"line":74,"column":30}},"28":{"start":{"line":75,"column":4},"end":{"line":78,"column":5}},"29":{"start":{"line":76,"column":6},"end":{"line":76,"column":26}},"30":{"start":{"line":77,"column":6},"end":{"line":77,"column":27}},"31":{"start":{"line":80,"column":4},"end":{"line":80,"column":22}},"32":{"start":{"line":81,"column":4},"end":{"line":81,"column":33}},"33":{"start":{"line":83,"column":4},"end":{"line":85,"column":7}},"34":{"start":{"line":84,"column":6},"end":{"line":84,"column":72}},"35":{"start":{"line":87,"column":4},"end":{"line":95,"column":7}},"36":{"start":{"line":88,"column":6},"end":{"line":88,"column":71}},"37":{"start":{"line":89,"column":6},"end":{"line":89,"column":52}},"38":{"start":{"line":90,"column":6},"end":{"line":90,"column":36}},"39":{"start":{"line":91,"column":6},"end":{"line":91,"column":27}},"40":{"start":{"line":92,"column":6},"end":{"line":94,"column":7}},"41":{"start":{"line":93,"column":8},"end":{"line":93,"column":40}},"42":{"start":{"line":97,"column":4},"end":{"line":97,"column":65}},"43":{"start":{"line":98,"column":4},"end":{"line":98,"column":20}},"44":{"start":{"line":111,"column":2},"end":{"line":116,"column":4}},"45":{"start":{"line":112,"column":4},"end":{"line":114,"column":5}},"46":{"start":{"line":113,"column":6},"end":{"line":113,"column":51}},"47":{"start":{"line":115,"column":4},"end":{"line":115,"column":33}},"48":{"start":{"line":118,"column":2},"end":{"line":138,"column":5}},"49":{"start":{"line":119,"column":4},"end":{"line":119,"column":36}},"50":{"start":{"line":120,"column":4},"end":{"line":120,"column":37}},"51":{"start":{"line":121,"column":4},"end":{"line":124,"column":6}},"52":{"start":{"line":122,"column":6},"end":{"line":123,"column":66}},"53":{"start":{"line":125,"column":4},"end":{"line":128,"column":6}},"54":{"start":{"line":126,"column":6},"end":{"line":127,"column":64}},"55":{"start":{"line":129,"column":4},"end":{"line":131,"column":5}},"56":{"start":{"line":130,"column":6},"end":{"line":130,"column":51}},"57":{"start":{"line":132,"column":4},"end":{"line":137,"column":5}},"58":{"start":{"line":133,"column":6},"end":{"line":133,"column":65}},"59":{"start":{"line":136,"column":6},"end":{"line":136,"column":18}},"60":{"start":{"line":140,"column":2},"end":{"line":140,"column":17}}},"branchMap":{"1":{"line":12,"type":"if","locations":[{"start":{"line":12,"column":0},"end":{"line":12,"column":0}},{"start":{"line":12,"column":0},"end":{"line":12,"column":0}}]},"2":{"line":30,"type":"if","locations":[{"start":{"line":30,"column":2},"end":{"line":30,"column":2}},{"start":{"line":30,"column":2},"end":{"line":30,"column":2}}]},"3":{"line":40,"type":"if","locations":[{"start":{"line":40,"column":2},"end":{"line":40,"column":2}},{"start":{"line":40,"column":2},"end":{"line":40,"column":2}}]},"4":{"line":46,"type":"if","locations":[{"start":{"line":46,"column":4},"end":{"line":46,"column":4}},{"start":{"line":46,"column":4},"end":{"line":46,"column":4}}]},"5":{"line":53,"type":"if","locations":[{"start":{"line":53,"column":4},"end":{"line":53,"column":4}},{"start":{"line":53,"column":4},"end":{"line":53,"column":4}}]},"6":{"line":75,"type":"if","locations":[{"start":{"line":75,"column":4},"end":{"line":75,"column":4}},{"start":{"line":75,"column":4},"end":{"line":75,"column":4}}]},"7":{"line":92,"type":"if","locations":[{"start":{"line":92,"column":6},"end":{"line":92,"column":6}},{"start":{"line":92,"column":6},"end":{"line":92,"column":6}}]},"8":{"line":112,"type":"if","locations":[{"start":{"line":112,"column":4},"end":{"line":112,"column":4}},{"start":{"line":112,"column":4},"end":{"line":112,"column":4}}]},"9":{"line":129,"type":"if","locations":[{"start":{"line":129,"column":4},"end":{"line":129,"column":4}},{"start":{"line":129,"column":4},"end":{"line":129,"column":4}}]}},"code":["'use strict';","","/**"," * Module dependencies"," */","","var Emitter = require('events').EventEmitter;","var sliced = require('sliced');","var debug = require('debug')('nightmare:ipc');","","// If this process has a parent, redirect debug logs to it","if (process.send) {","  debug = function() {","    process.send(['nightmare:ipc:debug'].concat(sliced(arguments)));","  };","}","","/**"," * Export `IPC`"," */","","module.exports = IPC;","","/**"," * Initialize `IPC`"," */","","var instance = Symbol();","function IPC(process) {","  if (process[instance]) {","    return process[instance];","  }","","  var emitter = process[instance] = new Emitter();","  var emit = emitter.emit;","  var callId = 0;","  var responders = {};","","  // no parent","  if (!process.send) {","    return emitter;","  }","","  process.on('message', function(data) {","    // handle debug logging specially","    if (data[0] === 'nightmare:ipc:debug') {","      debug.apply(null, sliced(data, 1));","    }","    emit.apply(emitter, sliced(data));","  });","","  emitter.emit = function() {","    if(process.connected){","      process.send(sliced(arguments));","    }","  };","","  /**","   * Call a responder function in the associated process. (In the process,","   * responders can be registered with `ipc.respondTo()`.) The last argument","   * should be a callback function, which will called with the results of the","   * responder.","   * This returns an event emitter. You can listen for the results of the","   * responder using the `end` event (this is the same as passing a callback).","   * Additionally, you can listen for `data` events, which the responder may","   * send to indicate some sort of progress.","   * @param  {String} name Name of the responder function to call","   * @param  {...Objects} [arguments] Any number of arguments to send","   * @param  {Function} [callback] A callback function that handles the results","   * @return {Emitter}","   */","  emitter.call = function(name) {","    var args = sliced(arguments, 1);","    var callback = args.pop();","    if (typeof callback !== 'function') {","      args.push(callback);","      callback = undefined;","    }","","    var id = callId++;","    var progress = new Emitter();","","    emitter.on(`CALL_DATA_${id}`, function() {","      progress.emit.apply(progress, ['data'].concat(sliced(arguments)));","    });","","    emitter.once(`CALL_RESULT_${id}`, function() {","      progress.emit.apply(progress, ['end'].concat(sliced(arguments)));","      emitter.removeAllListeners(`CALL_DATA_${id}`);","      progress.removeAllListeners();","      progress = undefined;","      if (callback) {","        callback.apply(null, arguments);","      }","    });","","    emitter.emit.apply(emitter, ['CALL', id, name].concat(args));","    return progress;","  };","","  /**","   * Register a responder to be called from other processes with `ipc.call()`.","   * The responder should be a function that accepts any number of arguments,","   * where the last argument is a callback function. When the responder has","   * finished its work, it MUST call the callback. The first argument should be","   * an error, if any, and the second should be the results.","   * Only one responder can be registered for a given name.","   * @param {String} name The name to register the responder under.","   * @param {Function} responder","   */","  emitter.respondTo = function(name, responder) {","    if (responders[name]) {","      debug(`Replacing responder named \"${name}\"`);","    }","    responders[name] = responder;","  };","","  emitter.on('CALL', function(id, name) {","    var args = sliced(arguments, 2);","    var responder = responders[name];","    var done = function() {","      emitter.emit.apply(","        emitter, [`CALL_RESULT_${id}`].concat(sliced(arguments)));","    };","    done.progress = function() {","      emitter.emit.apply(","        emitter, [`CALL_DATA_${id}`].concat(sliced(arguments)));","    };","    if (!responder) {","      return done(`Nothing responds to \"${name}\"`);","    }","    try {","      responder.apply(null, sliced(arguments, 2).concat([done]));","    }","    catch (error) {","      done(error);","    }","  });","","  return emitter;","}",""],"l":{"7":1,"8":1,"9":1,"12":1,"13":0,"14":0,"22":1,"28":1,"29":1,"30":0,"31":0,"34":0,"35":0,"36":0,"37":0,"40":0,"41":0,"44":0,"46":0,"47":0,"49":0,"52":0,"53":0,"54":0,"72":0,"73":0,"74":0,"75":0,"76":0,"77":0,"80":0,"81":0,"83":0,"84":0,"87":0,"88":0,"89":0,"90":0,"91":0,"92":0,"93":0,"97":0,"98":0,"111":0,"112":0,"113":0,"115":0,"118":0,"119":0,"120":0,"121":0,"122":0,"125":0,"126":0,"129":0,"130":0,"132":0,"133":0,"136":0,"140":0}},"/home/travis/build/npmtest/node-npmtest-nightmare/nightmare/lib/javascript.js":{"path":"/home/travis/build/npmtest/node-npmtest-nightmare/nightmare/lib/javascript.js","s":{"1":1,"2":1,"3":1,"4":1,"5":1},"b":{},"f":{},"fnMap":{},"statementMap":{"1":{"start":{"line":5,"column":0},"end":{"line":5,"column":37}},"2":{"start":{"line":13,"column":0},"end":{"line":49,"column":2}},"3":{"start":{"line":57,"column":0},"end":{"line":67,"column":2}},"4":{"start":{"line":73,"column":0},"end":{"line":73,"column":45}},"5":{"start":{"line":74,"column":0},"end":{"line":74,"column":43}}},"branchMap":{},"code":["/**"," * Module Dependencies"," */","","var minstache = require('minstache');","","/**"," * Run the `src` function on the client-side, capture"," * the response and logs, and send back via"," * ipc to electron's main process"," */","","var execute = `","(function javascript () {","  var ipc = (window.__nightmare ? __nightmare.ipc : window[''].nightmare.ipc);","  try {","    var fn = ({{!src}}), ","      response, ","      args = [];","","    {{#args}}args.push({{!argument}});{{/args}}","","    if(fn.length - 1 == args.length) {","      args.push(((err, v) => {","          if(err) {","            ipc.send('error', err.message || err.toString());","          }","          ipc.send('response', v);","        }));","      fn.apply(null, args);","    } ","    else {","      response = fn.apply(null, args);","      if(response && response.then) {","        response.then((v) => {","          ipc.send('response', v);","        })","        .catch((err) => {","          ipc.send('error', err)","        });","      } else {","        ipc.send('response', response);","      }","    }","  } catch (err) {","    ipc.send('error', err.message);","  }","})()","`;","","/**"," * Inject the `src` on the client-side, capture"," * the response and logs, and send back via"," * ipc to electron's main process"," */","","var inject = `","(function javascript () {","  var ipc = (window.__nightmare ? __nightmare.ipc : window[''].nightmare.ipc);","  try {","    var response = (function () { {{!src}} \\n})()","    ipc.send('response', response);","  } catch (e) {","    ipc.send('error', e.message);","  }","})()","`;","","/**"," * Export the templates"," */","","exports.execute = minstache.compile(execute);","exports.inject = minstache.compile(inject);",""],"l":{"5":1,"13":1,"57":1,"73":1,"74":1}}}